*** Using Compiler 'V6.7', folder: 'D:\keil5 c51+stm32\ARM\ARMCLANG\Bin'
Rebuild target 'Target_1'
Before Build - User command #1: cmd /c ""C:\Users\Xiong Sir\Desktop\Customer_Controller\rasc_launcher.bat" "C:\Users\Xiong Sir\Desktop\Customer_Controller\rasc_version.txt" -nosplash --launcher.suppressErrors --generate --compiler ARMv6 --devicefamily ra "C:\Users\Xiong Sir\Desktop\Customer_Controller\configuration.xml" 2> "2.441994E-249MP\rasc_stderr.out" && echo. > "C:\Users\Xiong Sir\Desktop\Customer_Controller\output.rasc""
[INFO] Input file "C:\Users\Xiong Sir\Desktop\Customer_Controller\configuration.xml" is newer than output file "C:\Users\Xiong Sir\Desktop\Customer_Controller\output.rasc". Proceeding with RASC invocation...
Generating Project Content.Generating Project Content...........
..
ArmClang.exe: error: Failed to check out a license.LICENSE ERROR (R207(3): REGISTRY READ ERROR)

ArmClang.exe: note: Check that your license details are correct in the License Management dialog of MDK. Additional information is available at:
 http://www.keil.com/support/man/docs/license/license_management.htm
 If you need further help, provide this complete error report to your supplier or license.support@arm.com.
 - ARMLMD_LICENSE_FILE: unset
 - LM_LICENSE_FILE: unset
 - ARM_TOOL_VARIANT: unset
 - ARM_PRODUCT_PATH: unset
 - Product location: D:\keil5 c51+stm32\ARM\sw\mappings
 - Toolchain location: D:\keil5 c51+stm32\ARM\ARMCLANG\Bin
 - Selected tool variant: mdk_std
ArmClang.exe: note:  - Checkout feature: LIC0=KA...-.....-.....
 - Feature version: 5.0201703
 - Keil error code: 1
Product: MDK Plus 5.24
Component: ARM Compiler 6.7
Tool: armclang [5c9efc00]

compiling motor_ctrl_task_entry.c...
ArmClang.exe: error: Failed to check out a license.LICENSE ERROR (R207(3): REGISTRY READ ERROR)

ArmClang.exe: note: Check that your license details are correct in the License Management dialog of MDK. Additional information is available at:
 http://www.keil.com/support/man/docs/license/license_management.htm
 If you need further help, provide this complete error report to your supplier or license.support@arm.com.
 - ARMLMD_LICENSE_FILE: unset
 - LM_LICENSE_FILE: unset
 - ARM_TOOL_VARIANT: unset
 - ARM_PRODUCT_PATH: unset
 - Product location: D:\keil5 c51+stm32\ARM\sw\mappings
 - Toolchain location: D:\keil5 c51+stm32\ARM\ARMCLANG\Bin
 - Selected tool variant: mdk_std
ArmClang.exe: note:  - Checkout feature: LIC0=KA...-.....-.....
 - Feature version: 5.0201703
 - Keil error code: 1
Product: MDK Plus 5.24
Component: ARM Compiler 6.7
Tool: armclang [5c9efc00]

compiling bsp_gpio.c...
ArmClang.exe: error: Failed to check out a license.LICENSE ERROR (R207(3): REGISTRY READ ERROR)

ArmClang.exe: note: Check that your license details are correct in the License Management dialog of MDK. Additional information is available at:
 http://www.keil.com/support/man/docs/license/license_management.htm
 If you need further help, provide this complete error report to your supplier or license.support@arm.com.
 - ARMLMD_LICENSE_FILE: unset
 - LM_LICENSE_FILE: unset
 - ARM_TOOL_VARIANT: unset
 - ARM_PRODUCT_PATH: unset
 - Product location: D:\keil5 c51+stm32\ARM\sw\mappings
 - Toolchain location: D:\keil5 c51+stm32\ARM\ARMCLANG\Bin
 - Selected tool variant: mdk_std
ArmClang.exe: note:  - Checkout feature: LIC0=KA...-.....-.....
 - Feature version: 5.0201703
 - Keil error code: 1
Product: MDK Plus 5.24
Component: ARM Compiler 6.7
Tool: armclang [5c9efc00]

compiling bsp_uart.c...
ArmClang.exe: error: Failed to check out a license.LICENSE ERROR (R207(3): REGISTRY READ ERROR)

ArmClang.exe: note: Check that your license details are correct in the License Management dialog of MDK. Additional information is available at:
 http://www.keil.com/support/man/docs/license/license_management.htm
 If you need further help, provide this complete error report to your supplier or license.support@arm.com.
 - ARMLMD_LICENSE_FILE: unset
 - LM_LICENSE_FILE: unset
 - ARM_TOOL_VARIANT: unset
 - ARM_PRODUCT_PATH: unset
 - Product location: D:\keil5 c51+stm32\ARM\sw\mappings
 - Toolchain location: D:\keil5 c51+stm32\ARM\ARMCLANG\Bin
 - Selected tool variant: mdk_std
ArmClang.exe: note:  - Checkout feature: LIC0=KA...-.....-.....
 - Feature version: 5.0201703
 - Keil error code: 1
Product: MDK Plus 5.24
Component: ARM Compiler 6.7
Tool: armclang [5c9efc00]

compiling bsp_usb.c...
ArmClang.exe: error: Failed to check out a license.LICENSE ERROR (R207(3): REGISTRY READ ERROR)

ArmClang.exe: note: Check that your license details are correct in the License Management dialog of MDK. Additional information is available at:
 http://www.keil.com/support/man/docs/license/license_management.htm
 If you need further help, provide this complete error report to your supplier or license.support@arm.com.
 - ARMLMD_LICENSE_FILE: unset
 - LM_LICENSE_FILE: unset
 - ARM_TOOL_VARIANT: unset
 - ARM_PRODUCT_PATH: unset
 - Product location: D:\keil5 c51+stm32\ARM\sw\mappings
 - Toolchain location: D:\keil5 c51+stm32\ARM\ARMCLANG\Bin
 - Selected tool variant: mdk_std
ArmClang.exe: note:  - Checkout feature: LIC0=KA...-.....-.....
 - Feature version: 5.0201703
 - Keil error code: 1
Product: MDK Plus 5.24
Component: ARM Compiler 6.7
Tool: armclang [5c9efc00]

compiling robot_task_entry.c...
ArmClang.exe: error: Failed to check out a license.LICENSE ERROR (R207(3): REGISTRY READ ERROR)

ArmClang.exe: note: Check that your license details are correct in the License Management dialog of MDK. Additional information is available at:
 http://www.keil.com/support/man/docs/license/license_management.htm
 If you need further help, provide this complete error report to your supplier or license.support@arm.com.
 - ARMLMD_LICENSE_FILE: unset
 - LM_LICENSE_FILE: unset
 - ARM_TOOL_VARIANT: unset
 - ARM_PRODUCT_PATH: unset
 - Product location: D:\keil5 c51+stm32\ARM\sw\mappings
 - Toolchain location: D:\keil5 c51+stm32\ARM\ARMCLANG\Bin
 - Selected tool variant: mdk_std
ArmClang.exe: note:  - Checkout feature: LIC0=KA...-.....-.....
 - Feature version: 5.0201703
 - Keil error code: 1
Product: MDK Plus 5.24
Component: ARM Compiler 6.7
Tool: armclang [5c9efc00]

compiling bsp_can.c...
ArmClang.exe: error: Failed to check out a license.LICENSE ERROR (R207(3): REGISTRY READ ERROR)

ArmClang.exe: note: Check that your license details are correct in the License Management dialog of MDK. Additional information is available at:
 http://www.keil.com/support/man/docs/license/license_management.htm
 If you need further help, provide this complete error report to your supplier or license.support@arm.com.
 - ARMLMD_LICENSE_FILE: unset
 - LM_LICENSE_FILE: unset
 - ARM_TOOL_VARIANT: unset
 - ARM_PRODUCT_PATH: unset
 - Product location: D:\keil5 c51+stm32\ARM\sw\mappings
 - Toolchain location: D:\keil5 c51+stm32\ARM\ARMCLANG\Bin
 - Selected tool variant: mdk_std
ArmClang.exe: note:  - Checkout feature: LIC0=KA...-.....-.....
 - Feature version: 5.0201703
 - Keil error code: 1
Product: MDK Plus 5.24
Component: ARM Compiler 6.7
Tool: armclang [5c9efc00]

compiling r_usb_pcdc_descriptor.c...
ArmClang.exe: error: Failed to check out a license.LICENSE ERROR (R207(3): REGISTRY READ ERROR)

ArmClang.exe: note: Check that your license details are correct in the License Management dialog of MDK. Additional information is available at:
 http://www.keil.com/support/man/docs/license/license_management.htm
 If you need further help, provide this complete error report to your supplier or license.support@arm.com.
 - ARMLMD_LICENSE_FILE: unset
 - LM_LICENSE_FILE: unset
 - ARM_TOOL_VARIANT: unset
 - ARM_PRODUCT_PATH: unset
 - Product location: D:\keil5 c51+stm32\ARM\sw\mappings
 - Toolchain location: D:\keil5 c51+stm32\ARM\ARMCLANG\Bin
 - Selected tool variant: mdk_std
ArmClang.exe: note:  - Checkout feature: LIC0=KA...-.....-.....
 - Feature version: 5.0201703
 - Keil error code: 1
Product: MDK Plus 5.24
Component: ARM Compiler 6.7
Tool: armclang [5c9efc00]

compiling daemon_task_entry.c...
ArmClang.exe: error: Failed to check out a license.LICENSE ERROR (R207(3): REGISTRY READ ERROR)

ArmClang.exe: note: Check that your license details are correct in the License Management dialog of MDK. Additional information is available at:
 http://www.keil.com/support/man/docs/license/license_management.htm
 If you need further help, provide this complete error report to your supplier or license.support@arm.com.
 - ARMLMD_LICENSE_FILE: unset
 - LM_LICENSE_FILE: unset
 - ARM_TOOL_VARIANT: unset
 - ARM_PRODUCT_PATH: unset
 - Product location: D:\keil5 c51+stm32\ARM\sw\mappings
 - Toolchain location: D:\keil5 c51+stm32\ARM\ARMCLANG\Bin
 - Selected tool variant: mdk_std
ArmClang.exe: note:  - Checkout feature: LIC0=KA...-.....-.....
 - Feature version: 5.0201703
 - Keil error code: 1
Product: MDK Plus 5.24
Component: ARM Compiler 6.7
Tool: armclang [5c9efc00]

compiling hal_warmstart.c...
ArmClang.exe: error: Failed to check out a license.LICENSE ERROR (R207(3): REGISTRY READ ERROR)

ArmClang.exe: note: Check that your license details are correct in the License Management dialog of MDK. Additional information is available at:
 http://www.keil.com/support/man/docs/license/license_management.htm
 If you need further help, provide this complete error report to your supplier or license.support@arm.com.
 - ARMLMD_LICENSE_FILE: unset
 - LM_LICENSE_FILE: unset
 - ARM_TOOL_VARIANT: unset
 - ARM_PRODUCT_PATH: unset
 - Product location: D:\keil5 c51+stm32\ARM\sw\mappings
 - Toolchain location: D:\keil5 c51+stm32\ARM\ARMCLANG\Bin
 - Selected tool variant: mdk_std
ArmClang.exe: note:  - Checkout feature: LIC0=KA...-.....-.....
 - Feature version: 5.0201703
 - Keil error code: 1
Product: MDK Plus 5.24
Component: ARM Compiler 6.7
Tool: armclang [5c9efc00]

compiling bsp_dwt.c...
ArmClang.exe: error: Failed to check out a license.LICENSE ERROR (R207(3): REGISTRY READ ERROR)

ArmClang.exe: note: Check that your license details are correct in the License Management dialog of MDK. Additional information is available at:
 http://www.keil.com/support/man/docs/license/license_management.htm
 If you need further help, provide this complete error report to your supplier or license.support@arm.com.
 - ARMLMD_LICENSE_FILE: unset
 - LM_LICENSE_FILE: unset
 - ARM_TOOL_VARIANT: unset
 - ARM_PRODUCT_PATH: unset
 - Product location: D:\keil5 c51+stm32\ARM\sw\mappings
 - Toolchain location: D:\keil5 c51+stm32\ARM\ARMCLANG\Bin
 - Selected tool variant: mdk_std
ArmClang.exe: note:  - Checkout feature: LIC0=KA...-.....-.....
 - Feature version: 5.0201703
 - Keil error code: 1
Product: MDK Plus 5.24
Component: ARM Compiler 6.7
Tool: armclang [5c9efc00]

compiling controller.c...
ArmClang.exe: error: Failed to check out a license.LICENSE ERROR (R207(3): REGISTRY READ ERROR)

ArmClang.exe: note: Check that your license details are correct in the License Management dialog of MDK. Additional information is available at:
 http://www.keil.com/support/man/docs/license/license_management.htm
 If you need further help, provide this complete error report to your supplier or license.support@arm.com.
 - ARMLMD_LICENSE_FILE: unset
 - LM_LICENSE_FILE: unset
 - ARM_TOOL_VARIANT: unset
 - ARM_PRODUCT_PATH: unset
 - Product location: D:\keil5 c51+stm32\ARM\sw\mappings
 - Toolchain location: D:\keil5 c51+stm32\ARM\ARMCLANG\Bin
 - Selected tool variant: mdk_std
ArmClang.exe: note:  - Checkout feature: LIC0=KA...-.....-.....
 - Feature version: 5.0201703
 - Keil error code: 1
Product: MDK Plus 5.24
Component: ARM Compiler 6.7
Tool: armclang [5c9efc00]

compiling daemon.c...
ArmClang.exe: error: Failed to check out a license.LICENSE ERROR (R207(3): REGISTRY READ ERROR)

ArmClang.exe: note: Check that your license details are correct in the License Management dialog of MDK. Additional information is available at:
 http://www.keil.com/support/man/docs/license/license_management.htm
 If you need further help, provide this complete error report to your supplier or license.support@arm.com.
 - ARMLMD_LICENSE_FILE: unset
 - LM_LICENSE_FILE: unset
 - ARM_TOOL_VARIANT: unset
 - ARM_PRODUCT_PATH: unset
 - Product location: D:\keil5 c51+stm32\ARM\sw\mappings
 - Toolchain location: D:\keil5 c51+stm32\ARM\ARMCLANG\Bin
 - Selected tool variant: mdk_std
ArmClang.exe: note:  - Checkout feature: LIC0=KA...-.....-.....
 - Feature version: 5.0201703
 - Keil error code: 1
Product: MDK Plus 5.24
Component: ARM Compiler 6.7
Tool: armclang [5c9efc00]

compiling message_center.c...
ArmClang.exe: error: Failed to check out a license.LICENSE ERROR (R207(3): REGISTRY READ ERROR)

ArmClang.exe: note: Check that your license details are correct in the License Management dialog of MDK. Additional information is available at:
 http://www.keil.com/support/man/docs/license/license_management.htm
 If you need further help, provide this complete error report to your supplier or license.support@arm.com.
 - ARMLMD_LICENSE_FILE: unset
 - LM_LICENSE_FILE: unset
 - ARM_TOOL_VARIANT: unset
 - ARM_PRODUCT_PATH: unset
 - Product location: D:\keil5 c51+stm32\ARM\sw\mappings
 - Toolchain location: D:\keil5 c51+stm32\ARM\ARMCLANG\Bin
 - Selected tool variant: mdk_std
ArmClang.exe: note:  - Checkout feature: LIC0=KA...-.....-.....
 - Feature version: 5.0201703
 - Keil error code: 1
Product: MDK Plus 5.24
Component: ARM Compiler 6.7
Tool: armclang [5c9efc00]

compiling vision.c...
ArmClang.exe: error: Failed to check out a license.LICENSE ERROR (R207(3): REGISTRY READ ERROR)

ArmClang.exe: note: Check that your license details are correct in the License Management dialog of MDK. Additional information is available at:
 http://www.keil.com/support/man/docs/license/license_management.htm
 If you need further help, provide this complete error report to your supplier or license.support@arm.com.
 - ARMLMD_LICENSE_FILE: unset
 - LM_LICENSE_FILE: unset
 - ARM_TOOL_VARIANT: unset
 - ARM_PRODUCT_PATH: unset
 - Product location: D:\keil5 c51+stm32\ARM\sw\mappings
 - Toolchain location: D:\keil5 c51+stm32\ARM\ARMCLANG\Bin
 - Selected tool variant: mdk_std
ArmClang.exe: note:  - Checkout feature: LIC0=KA...-.....-.....
 - Feature version: 5.0201703
 - Keil error code: 1
Product: MDK Plus 5.24
Component: ARM Compiler 6.7
Tool: armclang [5c9efc00]

compiling wifi.c...
ArmClang.exe: error: Failed to check out a license.LICENSE ERROR (R207(3): REGISTRY READ ERROR)

ArmClang.exe: note: Check that your license details are correct in the License Management dialog of MDK. Additional information is available at:
 http://www.keil.com/support/man/docs/license/license_management.htm
 If you need further help, provide this complete error report to your supplier or license.support@arm.com.
 - ARMLMD_LICENSE_FILE: unset
 - LM_LICENSE_FILE: unset
 - ARM_TOOL_VARIANT: unset
 - ARM_PRODUCT_PATH: unset
 - Product location: D:\keil5 c51+stm32\ARM\sw\mappings
 - Toolchain location: D:\keil5 c51+stm32\ARM\ARMCLANG\Bin
 - Selected tool variant: mdk_std
ArmClang.exe: note:  - Checkout feature: LIC0=KA...-.....-.....
 - Feature version: 5.0201703
 - Keil error code: 1
Product: MDK Plus 5.24
Component: ARM Compiler 6.7
Tool: armclang [5c9efc00]

compiling bluetooth.c...
ArmClang.exe: error: Failed to check out a license.LICENSE ERROR (R207(3): REGISTRY READ ERROR)

ArmClang.exe: note: Check that your license details are correct in the License Management dialog of MDK. Additional information is available at:
 http://www.keil.com/support/man/docs/license/license_management.htm
 If you need further help, provide this complete error report to your supplier or license.support@arm.com.
 - ARMLMD_LICENSE_FILE: unset
 - LM_LICENSE_FILE: unset
 - ARM_TOOL_VARIANT: unset
 - ARM_PRODUCT_PATH: unset
 - Product location: D:\keil5 c51+stm32\ARM\sw\mappings
 - Toolchain location: D:\keil5 c51+stm32\ARM\ARMCLANG\Bin
 - Selected tool variant: mdk_std
ArmClang.exe: note:  - Checkout feature: LIC0=KA...-.....-.....
 - Feature version: 5.0201703
 - Keil error code: 1
Product: MDK Plus 5.24
Component: ARM Compiler 6.7
Tool: armclang [5c9efc00]

compiling dummy_kinematic_v2.c...
ArmClang.exe: error: Failed to check out a license.LICENSE ERROR (R207(3): REGISTRY READ ERROR)

ArmClang.exe: note: Check that your license details are correct in the License Management dialog of MDK. Additional information is available at:
 http://www.keil.com/support/man/docs/license/license_management.htm
 If you need further help, provide this complete error report to your supplier or license.support@arm.com.
 - ARMLMD_LICENSE_FILE: unset
 - LM_LICENSE_FILE: unset
 - ARM_TOOL_VARIANT: unset
 - ARM_PRODUCT_PATH: unset
 - Product location: D:\keil5 c51+stm32\ARM\sw\mappings
 - Toolchain location: D:\keil5 c51+stm32\ARM\ARMCLANG\Bin
 - Selected tool variant: mdk_std
ArmClang.exe: note:  - Checkout feature: LIC0=KA...-.....-.....
 - Feature version: 5.0201703
 - Keil error code: 1
Product: MDK Plus 5.24
Component: ARM Compiler 6.7
Tool: armclang [5c9efc00]

compiling dji_motor.c...
ArmClang.exe: error: Failed to check out a license.LICENSE ERROR (R207(3): REGISTRY READ ERROR)

ArmClang.exe: note: Check that your license details are correct in the License Management dialog of MDK. Additional information is available at:
 http://www.keil.com/support/man/docs/license/license_management.htm
 If you need further help, provide this complete error report to your supplier or license.support@arm.com.
 - ARMLMD_LICENSE_FILE: unset
 - LM_LICENSE_FILE: unset
 - ARM_TOOL_VARIANT: unset
 - ARM_PRODUCT_PATH: unset
 - Product location: D:\keil5 c51+stm32\ARM\sw\mappings
 - Toolchain location: D:\keil5 c51+stm32\ARM\ARMCLANG\Bin
 - Selected tool variant: mdk_std
ArmClang.exe: note:  - Checkout feature: LIC0=KA...-.....-.....
 - Feature version: 5.0201703
 - Keil error code: 1
Product: MDK Plus 5.24
Component: ARM Compiler 6.7
Tool: armclang [5c9efc00]

compiling dummy_cmd.c...
ArmClang.exe: error: Failed to check out a license.LICENSE ERROR (R207(3): REGISTRY READ ERROR)

ArmClang.exe: note: Check that your license details are correct in the License Management dialog of MDK. Additional information is available at:
 http://www.keil.com/support/man/docs/license/license_management.htm
 If you need further help, provide this complete error report to your supplier or license.support@arm.com.
 - ARMLMD_LICENSE_FILE: unset
 - LM_LICENSE_FILE: unset
 - ARM_TOOL_VARIANT: unset
 - ARM_PRODUCT_PATH: unset
 - Product location: D:\keil5 c51+stm32\ARM\sw\mappings
 - Toolchain location: D:\keil5 c51+stm32\ARM\ARMCLANG\Bin
 - Selected tool variant: mdk_std
ArmClang.exe: note:  - Checkout feature: LIC0=KA...-.....-.....
 - Feature version: 5.0201703
 - Keil error code: 1
Product: MDK Plus 5.24
Component: ARM Compiler 6.7
Tool: armclang [5c9efc00]

compiling dummy_motormatic.c...
ArmClang.exe: error: Failed to check out a license.LICENSE ERROR (R207(3): REGISTRY READ ERROR)

ArmClang.exe: note: Check that your license details are correct in the License Management dialog of MDK. Additional information is available at:
 http://www.keil.com/support/man/docs/license/license_management.htm
 If you need further help, provide this complete error report to your supplier or license.support@arm.com.
 - ARMLMD_LICENSE_FILE: unset
 - LM_LICENSE_FILE: unset
 - ARM_TOOL_VARIANT: unset
 - ARM_PRODUCT_PATH: unset
 - Product location: D:\keil5 c51+stm32\ARM\sw\mappings
 - Toolchain location: D:\keil5 c51+stm32\ARM\ARMCLANG\Bin
 - Selected tool variant: mdk_std
ArmClang.exe: note:  - Checkout feature: LIC0=KA...-.....-.....
 - Feature version: 5.0201703
 - Keil error code: 1
Product: MDK Plus 5.24
Component: ARM Compiler 6.7
Tool: armclang [5c9efc00]

compiling rs_motor.c...
ArmClang.exe: error: Failed to check out a license.LICENSE ERROR (R207(3): REGISTRY READ ERROR)

ArmClang.exe: note: Check that your license details are correct in the License Management dialog of MDK. Additional information is available at:
 http://www.keil.com/support/man/docs/license/license_management.htm
 If you need further help, provide this complete error report to your supplier or license.support@arm.com.
 - ARMLMD_LICENSE_FILE: unset
 - LM_LICENSE_FILE: unset
 - ARM_TOOL_VARIANT: unset
 - ARM_PRODUCT_PATH: unset
 - Product location: D:\keil5 c51+stm32\ARM\sw\mappings
 - Toolchain location: D:\keil5 c51+stm32\ARM\ARMCLANG\Bin
 - Selected tool variant: mdk_std
ArmClang.exe: note:  - Checkout feature: LIC0=KA...-.....-.....
 - Feature version: 5.0201703
 - Keil error code: 1
Product: MDK Plus 5.24
Component: ARM Compiler 6.7
Tool: armclang [5c9efc00]

compiling step_motor.c...
ArmClang.exe: error: Failed to check out a license.LICENSE ERROR (R207(3): REGISTRY READ ERROR)

ArmClang.exe: note: Check that your license details are correct in the License Management dialog of MDK. Additional information is available at:
 http://www.keil.com/support/man/docs/license/license_management.htm
 If you need further help, provide this complete error report to your supplier or license.support@arm.com.
 - ARMLMD_LICENSE_FILE: unset
 - LM_LICENSE_FILE: unset
 - ARM_TOOL_VARIANT: unset
 - ARM_PRODUCT_PATH: unset
 - Product location: D:\keil5 c51+stm32\ARM\sw\mappings
 - Toolchain location: D:\keil5 c51+stm32\ARM\ARMCLANG\Bin
 - Selected tool variant: mdk_std
ArmClang.exe: note:  - Checkout feature: LIC0=KA...-.....-.....
 - Feature version: 5.0201703
 - Keil error code: 1
Product: MDK Plus 5.24
Component: ARM Compiler 6.7
Tool: armclang [5c9efc00]

compiling serial_debug.c...
ArmClang.exe: error: Failed to check out a license.LICENSE ERROR (R207(3): REGISTRY READ ERROR)

ArmClang.exe: note: Check that your license details are correct in the License Management dialog of MDK. Additional information is available at:
 http://www.keil.com/support/man/docs/license/license_management.htm
 If you need further help, provide this complete error report to your supplier or license.support@arm.com.
 - ARMLMD_LICENSE_FILE: unset
 - LM_LICENSE_FILE: unset
 - ARM_TOOL_VARIANT: unset
 - ARM_PRODUCT_PATH: unset
 - Product location: D:\keil5 c51+stm32\ARM\sw\mappings
 - Toolchain location: D:\keil5 c51+stm32\ARM\ARMCLANG\Bin
 - Selected tool variant: mdk_std
ArmClang.exe: note:  - Checkout feature: LIC0=KA...-.....-.....
 - Feature version: 5.0201703
 - Keil error code: 1
Product: MDK Plus 5.24
Component: ARM Compiler 6.7
Tool: armclang [5c9efc00]

compiling DM_IMU.c...
ArmClang.exe: error: Failed to check out a license.LICENSE ERROR (R207(3): REGISTRY READ ERROR)

ArmClang.exe: note: Check that your license details are correct in the License Management dialog of MDK. Additional information is available at:
 http://www.keil.com/support/man/docs/license/license_management.htm
 If you need further help, provide this complete error report to your supplier or license.support@arm.com.
 - ARMLMD_LICENSE_FILE: unset
 - LM_LICENSE_FILE: unset
 - ARM_TOOL_VARIANT: unset
 - ARM_PRODUCT_PATH: unset
 - Product location: D:\keil5 c51+stm32\ARM\sw\mappings
 - Toolchain location: D:\keil5 c51+stm32\ARM\ARMCLANG\Bin
 - Selected tool variant: mdk_std
ArmClang.exe: note:  - Checkout feature: LIC0=KA...-.....-.....
 - Feature version: 5.0201703
 - Keil error code: 1
Product: MDK Plus 5.24
Component: ARM Compiler 6.7
Tool: armclang [5c9efc00]

compiling list.c...
ArmClang.exe: error: Failed to check out a license.LICENSE ERROR (R207(3): REGISTRY READ ERROR)

ArmClang.exe: note: Check that your license details are correct in the License Management dialog of MDK. Additional information is available at:
 http://www.keil.com/support/man/docs/license/license_management.htm
 If you need further help, provide this complete error report to your supplier or license.support@arm.com.
 - ARMLMD_LICENSE_FILE: unset
 - LM_LICENSE_FILE: unset
 - ARM_TOOL_VARIANT: unset
 - ARM_PRODUCT_PATH: unset
 - Product location: D:\keil5 c51+stm32\ARM\sw\mappings
 - Toolchain location: D:\keil5 c51+stm32\ARM\ARMCLANG\Bin
 - Selected tool variant: mdk_std
ArmClang.exe: note:  - Checkout feature: LIC0=KA...-.....-.....
 - Feature version: 5.0201703
 - Keil error code: 1
Product: MDK Plus 5.24
Component: ARM Compiler 6.7
Tool: armclang [5c9efc00]

compiling stream_buffer.c...
ArmClang.exe: error: Failed to check out a license.LICENSE ERROR (R207(3): REGISTRY READ ERROR)

ArmClang.exe: note: Check that your license details are correct in the License Management dialog of MDK. Additional information is available at:
 http://www.keil.com/support/man/docs/license/license_management.htm
 If you need further help, provide this complete error report to your supplier or license.support@arm.com.
 - ARMLMD_LICENSE_FILE: unset
 - LM_LICENSE_FILE: unset
 - ARM_TOOL_VARIANT: unset
 - ARM_PRODUCT_PATH: unset
 - Product location: D:\keil5 c51+stm32\ARM\sw\mappings
 - Toolchain location: D:\keil5 c51+stm32\ARM\ARMCLANG\Bin
 - Selected tool variant: mdk_std
ArmClang.exe: note:  - Checkout feature: LIC0=KA...-.....-.....
 - Feature version: 5.0201703
 - Keil error code: 1
Product: MDK Plus 5.24
Component: ARM Compiler 6.7
Tool: armclang [5c9efc00]

compiling queue.c...
ArmClang.exe: error: Failed to check out a license.LICENSE ERROR (R207(3): REGISTRY READ ERROR)

ArmClang.exe: note: Check that your license details are correct in the License Management dialog of MDK. Additional information is available at:
 http://www.keil.com/support/man/docs/license/license_management.htm
 If you need further help, provide this complete error report to your supplier or license.support@arm.com.
 - ARMLMD_LICENSE_FILE: unset
 - LM_LICENSE_FILE: unset
 - ARM_TOOL_VARIANT: unset
 - ARM_PRODUCT_PATH: unset
 - Product location: D:\keil5 c51+stm32\ARM\sw\mappings
 - Toolchain location: D:\keil5 c51+stm32\ARM\ARMCLANG\Bin
 - Selected tool variant: mdk_std
ArmClang.exe: note:  - Checkout feature: LIC0=KA...-.....-.....
 - Feature version: 5.0201703
 - Keil error code: 1
Product: MDK Plus 5.24
Component: ARM Compiler 6.7
Tool: armclang [5c9efc00]

compiling event_groups.c...
ArmClang.exe: error: Failed to check out a license.LICENSE ERROR (R207(3): REGISTRY READ ERROR)

ArmClang.exe: note: Check that your license details are correct in the License Management dialog of MDK. Additional information is available at:
 http://www.keil.com/support/man/docs/license/license_management.htm
 If you need further help, provide this complete error report to your supplier or license.support@arm.com.
 - ARMLMD_LICENSE_FILE: unset
 - LM_LICENSE_FILE: unset
 - ARM_TOOL_VARIANT: unset
 - ARM_PRODUCT_PATH: unset
 - Product location: D:\keil5 c51+stm32\ARM\sw\mappings
 - Toolchain location: D:\keil5 c51+stm32\ARM\ARMCLANG\Bin
 - Selected tool variant: mdk_std
ArmClang.exe: note:  - Checkout feature: LIC0=KA...-.....-.....
 - Feature version: 5.0201703
 - Keil error code: 1
Product: MDK Plus 5.24
Component: ARM Compiler 6.7
Tool: armclang [5c9efc00]

compiling tasks.c...
ArmClang.exe: error: Failed to check out a license.LICENSE ERROR (R207(3): REGISTRY READ ERROR)

ArmClang.exe: note: Check that your license details are correct in the License Management dialog of MDK. Additional information is available at:
 http://www.keil.com/support/man/docs/license/license_management.htm
 If you need further help, provide this complete error report to your supplier or license.support@arm.com.
 - ARMLMD_LICENSE_FILE: unset
 - LM_LICENSE_FILE: unset
 - ARM_TOOL_VARIANT: unset
 - ARM_PRODUCT_PATH: unset
 - Product location: D:\keil5 c51+stm32\ARM\sw\mappings
 - Toolchain location: D:\keil5 c51+stm32\ARM\ARMCLANG\Bin
 - Selected tool variant: mdk_std
ArmClang.exe: note:  - Checkout feature: LIC0=KA...-.....-.....
 - Feature version: 5.0201703
 - Keil error code: 1
Product: MDK Plus 5.24
Component: ARM Compiler 6.7
Tool: armclang [5c9efc00]

compiling dummy_vision.c...
ArmClang.exe: error: Failed to check out a license.LICENSE ERROR (R207(3): REGISTRY READ ERROR)

ArmClang.exe: note: Check that your license details are correct in the License Management dialog of MDK. Additional information is available at:
 http://www.keil.com/support/man/docs/license/license_management.htm
 If you need further help, provide this complete error report to your supplier or license.support@arm.com.
 - ARMLMD_LICENSE_FILE: unset
 - LM_LICENSE_FILE: unset
 - ARM_TOOL_VARIANT: unset
 - ARM_PRODUCT_PATH: unset
 - Product location: D:\keil5 c51+stm32\ARM\sw\mappings
 - Toolchain location: D:\keil5 c51+stm32\ARM\ARMCLANG\Bin
 - Selected tool variant: mdk_std
ArmClang.exe: note:  - Checkout feature: LIC0=KA...-.....-.....
 - Feature version: 5.0201703
 - Keil error code: 1
Product: MDK Plus 5.24
Component: ARM Compiler 6.7
Tool: armclang [5c9efc00]

compiling heap_4.c...
ArmClang.exe: error: Failed to check out a license.LICENSE ERROR (R207(3): REGISTRY READ ERROR)

ArmClang.exe: note: Check that your license details are correct in the License Management dialog of MDK. Additional information is available at:
 http://www.keil.com/support/man/docs/license/license_management.htm
 If you need further help, provide this complete error report to your supplier or license.support@arm.com.
 - ARMLMD_LICENSE_FILE: unset
 - LM_LICENSE_FILE: unset
 - ARM_TOOL_VARIANT: unset
 - ARM_PRODUCT_PATH: unset
 - Product location: D:\keil5 c51+stm32\ARM\sw\mappings
 - Toolchain location: D:\keil5 c51+stm32\ARM\ARMCLANG\Bin
 - Selected tool variant: mdk_std
ArmClang.exe: note:  - Checkout feature: LIC0=KA...-.....-.....
 - Feature version: 5.0201703
 - Keil error code: 1
Product: MDK Plus 5.24
Component: ARM Compiler 6.7
Tool: armclang [5c9efc00]

compiling timers.c...
ArmClang.exe: error: Failed to check out a license.LICENSE ERROR (R207(3): REGISTRY READ ERROR)

ArmClang.exe: note: Check that your license details are correct in the License Management dialog of MDK. Additional information is available at:
 http://www.keil.com/support/man/docs/license/license_management.htm
 If you need further help, provide this complete error report to your supplier or license.support@arm.com.
 - ARMLMD_LICENSE_FILE: unset
 - LM_LICENSE_FILE: unset
 - ARM_TOOL_VARIANT: unset
 - ARM_PRODUCT_PATH: unset
 - Product location: D:\keil5 c51+stm32\ARM\sw\mappings
 - Toolchain location: D:\keil5 c51+stm32\ARM\ARMCLANG\Bin
 - Selected tool variant: mdk_std
ArmClang.exe: note:  - Checkout feature: LIC0=KA...-.....-.....
 - Feature version: 5.0201703
 - Keil error code: 1
Product: MDK Plus 5.24
Component: ARM Compiler 6.7
Tool: armclang [5c9efc00]

compiling bsp_clocks.c...
ArmClang.exe: error: Failed to check out a license.LICENSE ERROR (R207(3): REGISTRY READ ERROR)

ArmClang.exe: note: Check that your license details are correct in the License Management dialog of MDK. Additional information is available at:
 http://www.keil.com/support/man/docs/license/license_management.htm
 If you need further help, provide this complete error report to your supplier or license.support@arm.com.
 - ARMLMD_LICENSE_FILE: unset
 - LM_LICENSE_FILE: unset
 - ARM_TOOL_VARIANT: unset
 - ARM_PRODUCT_PATH: unset
 - Product location: D:\keil5 c51+stm32\ARM\sw\mappings
 - Toolchain location: D:\keil5 c51+stm32\ARM\ARMCLANG\Bin
 - Selected tool variant: mdk_std
ArmClang.exe: note:  - Checkout feature: LIC0=KA...-.....-.....
 - Feature version: 5.0201703
 - Keil error code: 1
Product: MDK Plus 5.24
Component: ARM Compiler 6.7
Tool: armclang [5c9efc00]

compiling startup.c...
ArmClang.exe: error: Failed to check out a license.LICENSE ERROR (R207(3): REGISTRY READ ERROR)

ArmClang.exe: note: Check that your license details are correct in the License Management dialog of MDK. Additional information is available at:
 http://www.keil.com/support/man/docs/license/license_management.htm
 If you need further help, provide this complete error report to your supplier or license.support@arm.com.
 - ARMLMD_LICENSE_FILE: unset
 - LM_LICENSE_FILE: unset
 - ARM_TOOL_VARIANT: unset
 - ARM_PRODUCT_PATH: unset
 - Product location: D:\keil5 c51+stm32\ARM\sw\mappings
 - Toolchain location: D:\keil5 c51+stm32\ARM\ARMCLANG\Bin
 - Selected tool variant: mdk_std
ArmClang.exe: note:  - Checkout feature: LIC0=KA...-.....-.....
 - Feature version: 5.0201703
 - Keil error code: 1
Product: MDK Plus 5.24
Component: ARM Compiler 6.7
Tool: armclang [5c9efc00]

compiling system.c...
ArmClang.exe: error: Failed to check out a license.LICENSE ERROR (R207(3): REGISTRY READ ERROR)

ArmClang.exe: note: Check that your license details are correct in the License Management dialog of MDK. Additional information is available at:
 http://www.keil.com/support/man/docs/license/license_management.htm
 If you need further help, provide this complete error report to your supplier or license.support@arm.com.
 - ARMLMD_LICENSE_FILE: unset
 - LM_LICENSE_FILE: unset
 - ARM_TOOL_VARIANT: unset
 - ARM_PRODUCT_PATH: unset
 - Product location: D:\keil5 c51+stm32\ARM\sw\mappings
 - Toolchain location: D:\keil5 c51+stm32\ARM\ARMCLANG\Bin
 - Selected tool variant: mdk_std
ArmClang.exe: note:  - Checkout feature: LIC0=KA...-.....-.....
 - Feature version: 5.0201703
 - Keil error code: 1
Product: MDK Plus 5.24
Component: ARM Compiler 6.7
Tool: armclang [5c9efc00]

compiling bsp_common.c...
ArmClang.exe: error: Failed to check out a license.LICENSE ERROR (R207(3): REGISTRY READ ERROR)

ArmClang.exe: note: Check that your license details are correct in the License Management dialog of MDK. Additional information is available at:
 http://www.keil.com/support/man/docs/license/license_management.htm
 If you need further help, provide this complete error report to your supplier or license.support@arm.com.
 - ARMLMD_LICENSE_FILE: unset
 - LM_LICENSE_FILE: unset
 - ARM_TOOL_VARIANT: unset
 - ARM_PRODUCT_PATH: unset
 - Product location: D:\keil5 c51+stm32\ARM\sw\mappings
 - Toolchain location: D:\keil5 c51+stm32\ARM\ARMCLANG\Bin
 - Selected tool variant: mdk_std
ArmClang.exe: note:  - Checkout feature: LIC0=KA...-.....-.....
 - Feature version: 5.0201703
 - Keil error code: 1
Product: MDK Plus 5.24
Component: ARM Compiler 6.7
Tool: armclang [5c9efc00]

compiling bsp_delay.c...
ArmClang.exe: error: Failed to check out a license.LICENSE ERROR (R207(3): REGISTRY READ ERROR)

ArmClang.exe: note: Check that your license details are correct in the License Management dialog of MDK. Additional information is available at:
 http://www.keil.com/support/man/docs/license/license_management.htm
 If you need further help, provide this complete error report to your supplier or license.support@arm.com.
 - ARMLMD_LICENSE_FILE: unset
 - LM_LICENSE_FILE: unset
 - ARM_TOOL_VARIANT: unset
 - ARM_PRODUCT_PATH: unset
 - Product location: D:\keil5 c51+stm32\ARM\sw\mappings
 - Toolchain location: D:\keil5 c51+stm32\ARM\ARMCLANG\Bin
 - Selected tool variant: mdk_std
ArmClang.exe: note:  - Checkout feature: LIC0=KA...-.....-.....
 - Feature version: 5.0201703
 - Keil error code: 1
Product: MDK Plus 5.24
Component: ARM Compiler 6.7
Tool: armclang [5c9efc00]

compiling bsp_guard.c...
ArmClang.exe: error: Failed to check out a license.LICENSE ERROR (R207(3): REGISTRY READ ERROR)

ArmClang.exe: note: Check that your license details are correct in the License Management dialog of MDK. Additional information is available at:
 http://www.keil.com/support/man/docs/license/license_management.htm
 If you need further help, provide this complete error report to your supplier or license.support@arm.com.
 - ARMLMD_LICENSE_FILE: unset
 - LM_LICENSE_FILE: unset
 - ARM_TOOL_VARIANT: unset
 - ARM_PRODUCT_PATH: unset
 - Product location: D:\keil5 c51+stm32\ARM\sw\mappings
 - Toolchain location: D:\keil5 c51+stm32\ARM\ARMCLANG\Bin
 - Selected tool variant: mdk_std
ArmClang.exe: note:  - Checkout feature: LIC0=KA...-.....-.....
 - Feature version: 5.0201703
 - Keil error code: 1
Product: MDK Plus 5.24
Component: ARM Compiler 6.7
Tool: armclang [5c9efc00]

compiling bsp_io.c...
ArmClang.exe: error: Failed to check out a license.LICENSE ERROR (R207(3): REGISTRY READ ERROR)

ArmClang.exe: note: Check that your license details are correct in the License Management dialog of MDK. Additional information is available at:
 http://www.keil.com/support/man/docs/license/license_management.htm
 If you need further help, provide this complete error report to your supplier or license.support@arm.com.
 - ARMLMD_LICENSE_FILE: unset
 - LM_LICENSE_FILE: unset
 - ARM_TOOL_VARIANT: unset
 - ARM_PRODUCT_PATH: unset
 - Product location: D:\keil5 c51+stm32\ARM\sw\mappings
 - Toolchain location: D:\keil5 c51+stm32\ARM\ARMCLANG\Bin
 - Selected tool variant: mdk_std
ArmClang.exe: note:  - Checkout feature: LIC0=KA...-.....-.....
 - Feature version: 5.0201703
 - Keil error code: 1
Product: MDK Plus 5.24
Component: ARM Compiler 6.7
Tool: armclang [5c9efc00]

compiling bsp_ipc.c...
ArmClang.exe: error: Failed to check out a license.LICENSE ERROR (R207(3): REGISTRY READ ERROR)

ArmClang.exe: note: Check that your license details are correct in the License Management dialog of MDK. Additional information is available at:
 http://www.keil.com/support/man/docs/license/license_management.htm
 If you need further help, provide this complete error report to your supplier or license.support@arm.com.
 - ARMLMD_LICENSE_FILE: unset
 - LM_LICENSE_FILE: unset
 - ARM_TOOL_VARIANT: unset
 - ARM_PRODUCT_PATH: unset
 - Product location: D:\keil5 c51+stm32\ARM\sw\mappings
 - Toolchain location: D:\keil5 c51+stm32\ARM\ARMCLANG\Bin
 - Selected tool variant: mdk_std
ArmClang.exe: note:  - Checkout feature: LIC0=KA...-.....-.....
 - Feature version: 5.0201703
 - Keil error code: 1
Product: MDK Plus 5.24
Component: ARM Compiler 6.7
Tool: armclang [5c9efc00]

compiling bsp_irq.c...
ArmClang.exe: error: Failed to check out a license.LICENSE ERROR (R207(3): REGISTRY READ ERROR)

ArmClang.exe: note: Check that your license details are correct in the License Management dialog of MDK. Additional information is available at:
 http://www.keil.com/support/man/docs/license/license_management.htm
 If you need further help, provide this complete error report to your supplier or license.support@arm.com.
 - ARMLMD_LICENSE_FILE: unset
 - LM_LICENSE_FILE: unset
 - ARM_TOOL_VARIANT: unset
 - ARM_PRODUCT_PATH: unset
 - Product location: D:\keil5 c51+stm32\ARM\sw\mappings
 - Toolchain location: D:\keil5 c51+stm32\ARM\ARMCLANG\Bin
 - Selected tool variant: mdk_std
ArmClang.exe: note:  - Checkout feature: LIC0=KA...-.....-.....
 - Feature version: 5.0201703
 - Keil error code: 1
Product: MDK Plus 5.24
Component: ARM Compiler 6.7
Tool: armclang [5c9efc00]

compiling bsp_macl.c...
ArmClang.exe: error: Failed to check out a license.LICENSE ERROR (R207(3): REGISTRY READ ERROR)

ArmClang.exe: note: Check that your license details are correct in the License Management dialog of MDK. Additional information is available at:
 http://www.keil.com/support/man/docs/license/license_management.htm
 If you need further help, provide this complete error report to your supplier or license.support@arm.com.
 - ARMLMD_LICENSE_FILE: unset
 - LM_LICENSE_FILE: unset
 - ARM_TOOL_VARIANT: unset
 - ARM_PRODUCT_PATH: unset
 - Product location: D:\keil5 c51+stm32\ARM\sw\mappings
 - Toolchain location: D:\keil5 c51+stm32\ARM\ARMCLANG\Bin
 - Selected tool variant: mdk_std
ArmClang.exe: note:  - Checkout feature: LIC0=KA...-.....-.....
 - Feature version: 5.0201703
 - Keil error code: 1
Product: MDK Plus 5.24
Component: ARM Compiler 6.7
Tool: armclang [5c9efc00]

compiling bsp_group_irq.c...
ArmClang.exe: error: Failed to check out a license.LICENSE ERROR (R207(3): REGISTRY READ ERROR)

ArmClang.exe: note: Check that your license details are correct in the License Management dialog of MDK. Additional information is available at:
 http://www.keil.com/support/man/docs/license/license_management.htm
 If you need further help, provide this complete error report to your supplier or license.support@arm.com.
 - ARMLMD_LICENSE_FILE: unset
 - LM_LICENSE_FILE: unset
 - ARM_TOOL_VARIANT: unset
 - ARM_PRODUCT_PATH: unset
 - Product location: D:\keil5 c51+stm32\ARM\sw\mappings
 - Toolchain location: D:\keil5 c51+stm32\ARM\ARMCLANG\Bin
 - Selected tool variant: mdk_std
ArmClang.exe: note:  - Checkout feature: LIC0=KA...-.....-.....
 - Feature version: 5.0201703
 - Keil error code: 1
Product: MDK Plus 5.24
Component: ARM Compiler 6.7
Tool: armclang [5c9efc00]

compiling bsp_register_protection.c...
ArmClang.exe: error: Failed to check out a license.LICENSE ERROR (R207(3): REGISTRY READ ERROR)

ArmClang.exe: note: Check that your license details are correct in the License Management dialog of MDK. Additional information is available at:
 http://www.keil.com/support/man/docs/license/license_management.htm
 If you need further help, provide this complete error report to your supplier or license.support@arm.com.
 - ARMLMD_LICENSE_FILE: unset
 - LM_LICENSE_FILE: unset
 - ARM_TOOL_VARIANT: unset
 - ARM_PRODUCT_PATH: unset
 - Product location: D:\keil5 c51+stm32\ARM\sw\mappings
 - Toolchain location: D:\keil5 c51+stm32\ARM\ARMCLANG\Bin
 - Selected tool variant: mdk_std
ArmClang.exe: note:  - Checkout feature: LIC0=KA...-.....-.....
 - Feature version: 5.0201703
 - Keil error code: 1
Product: MDK Plus 5.24
Component: ARM Compiler 6.7
Tool: armclang [5c9efc00]

compiling bsp_ospi_b.c...
ArmClang.exe: error: Failed to check out a license.LICENSE ERROR (R207(3): REGISTRY READ ERROR)

ArmClang.exe: note: Check that your license details are correct in the License Management dialog of MDK. Additional information is available at:
 http://www.keil.com/support/man/docs/license/license_management.htm
 If you need further help, provide this complete error report to your supplier or license.support@arm.com.
 - ARMLMD_LICENSE_FILE: unset
 - LM_LICENSE_FILE: unset
 - ARM_TOOL_VARIANT: unset
 - ARM_PRODUCT_PATH: unset
 - Product location: D:\keil5 c51+stm32\ARM\sw\mappings
 - Toolchain location: D:\keil5 c51+stm32\ARM\ARMCLANG\Bin
 - Selected tool variant: mdk_std
ArmClang.exe: note:  - Checkout feature: LIC0=KA...-.....-.....
 - Feature version: 5.0201703
 - Keil error code: 1
Product: MDK Plus 5.24
Component: ARM Compiler 6.7
Tool: armclang [5c9efc00]

compiling bsp_sdram.c...
ArmClang.exe: error: Failed to check out a license.LICENSE ERROR (R207(3): REGISTRY READ ERROR)

ArmClang.exe: note: Check that your license details are correct in the License Management dialog of MDK. Additional information is available at:
 http://www.keil.com/support/man/docs/license/license_management.htm
 If you need further help, provide this complete error report to your supplier or license.support@arm.com.
 - ARMLMD_LICENSE_FILE: unset
 - LM_LICENSE_FILE: unset
 - ARM_TOOL_VARIANT: unset
 - ARM_PRODUCT_PATH: unset
 - Product location: D:\keil5 c51+stm32\ARM\sw\mappings
 - Toolchain location: D:\keil5 c51+stm32\ARM\ARMCLANG\Bin
 - Selected tool variant: mdk_std
ArmClang.exe: note:  - Checkout feature: LIC0=KA...-.....-.....
 - Feature version: 5.0201703
 - Keil error code: 1
Product: MDK Plus 5.24
Component: ARM Compiler 6.7
Tool: armclang [5c9efc00]

compiling bsp_sbrk.c...
ArmClang.exe: error: Failed to check out a license.LICENSE ERROR (R207(3): REGISTRY READ ERROR)

ArmClang.exe: note: Check that your license details are correct in the License Management dialog of MDK. Additional information is available at:
 http://www.keil.com/support/man/docs/license/license_management.htm
 If you need further help, provide this complete error report to your supplier or license.support@arm.com.
 - ARMLMD_LICENSE_FILE: unset
 - LM_LICENSE_FILE: unset
 - ARM_TOOL_VARIANT: unset
 - ARM_PRODUCT_PATH: unset
 - Product location: D:\keil5 c51+stm32\ARM\sw\mappings
 - Toolchain location: D:\keil5 c51+stm32\ARM\ARMCLANG\Bin
 - Selected tool variant: mdk_std
ArmClang.exe: note:  - Checkout feature: LIC0=KA...-.....-.....
 - Feature version: 5.0201703
 - Keil error code: 1
Product: MDK Plus 5.24
Component: ARM Compiler 6.7
Tool: armclang [5c9efc00]

compiling bsp_security.c...
ArmClang.exe: error: Failed to check out a license.LICENSE ERROR (R207(3): REGISTRY READ ERROR)

ArmClang.exe: note: Check that your license details are correct in the License Management dialog of MDK. Additional information is available at:
 http://www.keil.com/support/man/docs/license/license_management.htm
 If you need further help, provide this complete error report to your supplier or license.support@arm.com.
 - ARMLMD_LICENSE_FILE: unset
 - LM_LICENSE_FILE: unset
 - ARM_TOOL_VARIANT: unset
 - ARM_PRODUCT_PATH: unset
 - Product location: D:\keil5 c51+stm32\ARM\sw\mappings
 - Toolchain location: D:\keil5 c51+stm32\ARM\ARMCLANG\Bin
 - Selected tool variant: mdk_std
ArmClang.exe: note:  - Checkout feature: LIC0=KA...-.....-.....
 - Feature version: 5.0201703
 - Keil error code: 1
Product: MDK Plus 5.24
Component: ARM Compiler 6.7
Tool: armclang [5c9efc00]

compiling bsp_linker.c...
ArmClang.exe: error: Failed to check out a license.LICENSE ERROR (R207(3): REGISTRY READ ERROR)

ArmClang.exe: note: Check that your license details are correct in the License Management dialog of MDK. Additional information is available at:
 http://www.keil.com/support/man/docs/license/license_management.htm
 If you need further help, provide this complete error report to your supplier or license.support@arm.com.
 - ARMLMD_LICENSE_FILE: unset
 - LM_LICENSE_FILE: unset
 - ARM_TOOL_VARIANT: unset
 - ARM_PRODUCT_PATH: unset
 - Product location: D:\keil5 c51+stm32\ARM\sw\mappings
 - Toolchain location: D:\keil5 c51+stm32\ARM\ARMCLANG\Bin
 - Selected tool variant: mdk_std
ArmClang.exe: note:  - Checkout feature: LIC0=KA...-.....-.....
 - Feature version: 5.0201703
 - Keil error code: 1
Product: MDK Plus 5.24
Component: ARM Compiler 6.7
Tool: armclang [5c9efc00]

compiling r_dtc.c...
ArmClang.exe: error: Failed to check out a license.LICENSE ERROR (R207(3): REGISTRY READ ERROR)

ArmClang.exe: note: Check that your license details are correct in the License Management dialog of MDK. Additional information is available at:
 http://www.keil.com/support/man/docs/license/license_management.htm
 If you need further help, provide this complete error report to your supplier or license.support@arm.com.
 - ARMLMD_LICENSE_FILE: unset
 - LM_LICENSE_FILE: unset
 - ARM_TOOL_VARIANT: unset
 - ARM_PRODUCT_PATH: unset
 - Product location: D:\keil5 c51+stm32\ARM\sw\mappings
 - Toolchain location: D:\keil5 c51+stm32\ARM\ARMCLANG\Bin
 - Selected tool variant: mdk_std
ArmClang.exe: note:  - Checkout feature: LIC0=KA...-.....-.....
 - Feature version: 5.0201703
 - Keil error code: 1
Product: MDK Plus 5.24
Component: ARM Compiler 6.7
Tool: armclang [5c9efc00]

compiling r_canfd.c...
ArmClang.exe: error: Failed to check out a license.LICENSE ERROR (R207(3): REGISTRY READ ERROR)

ArmClang.exe: note: Check that your license details are correct in the License Management dialog of MDK. Additional information is available at:
 http://www.keil.com/support/man/docs/license/license_management.htm
 If you need further help, provide this complete error report to your supplier or license.support@arm.com.
 - ARMLMD_LICENSE_FILE: unset
 - LM_LICENSE_FILE: unset
 - ARM_TOOL_VARIANT: unset
 - ARM_PRODUCT_PATH: unset
 - Product location: D:\keil5 c51+stm32\ARM\sw\mappings
 - Toolchain location: D:\keil5 c51+stm32\ARM\ARMCLANG\Bin
 - Selected tool variant: mdk_std
ArmClang.exe: note:  - Checkout feature: LIC0=KA...-.....-.....
 - Feature version: 5.0201703
 - Keil error code: 1
Product: MDK Plus 5.24
Component: ARM Compiler 6.7
Tool: armclang [5c9efc00]

compiling r_sci_uart.c...
ArmClang.exe: error: Failed to check out a license.LICENSE ERROR (R207(3): REGISTRY READ ERROR)

ArmClang.exe: note: Check that your license details are correct in the License Management dialog of MDK. Additional information is available at:
 http://www.keil.com/support/man/docs/license/license_management.htm
 If you need further help, provide this complete error report to your supplier or license.support@arm.com.
 - ARMLMD_LICENSE_FILE: unset
 - LM_LICENSE_FILE: unset
 - ARM_TOOL_VARIANT: unset
 - ARM_PRODUCT_PATH: unset
 - Product location: D:\keil5 c51+stm32\ARM\sw\mappings
 - Toolchain location: D:\keil5 c51+stm32\ARM\ARMCLANG\Bin
 - Selected tool variant: mdk_std
ArmClang.exe: note:  - Checkout feature: LIC0=KA...-.....-.....
 - Feature version: 5.0201703
 - Keil error code: 1
Product: MDK Plus 5.24
Component: ARM Compiler 6.7
Tool: armclang [5c9efc00]

compiling r_ioport.c...
ArmClang.exe: error: Failed to check out a license.LICENSE ERROR (R207(3): REGISTRY READ ERROR)

ArmClang.exe: note: Check that your license details are correct in the License Management dialog of MDK. Additional information is available at:
 http://www.keil.com/support/man/docs/license/license_management.htm
 If you need further help, provide this complete error report to your supplier or license.support@arm.com.
 - ARMLMD_LICENSE_FILE: unset
 - LM_LICENSE_FILE: unset
 - ARM_TOOL_VARIANT: unset
 - ARM_PRODUCT_PATH: unset
 - Product location: D:\keil5 c51+stm32\ARM\sw\mappings
 - Toolchain location: D:\keil5 c51+stm32\ARM\ARMCLANG\Bin
 - Selected tool variant: mdk_std
ArmClang.exe: note:  - Checkout feature: LIC0=KA...-.....-.....
 - Feature version: 5.0201703
 - Keil error code: 1
Product: MDK Plus 5.24
Component: ARM Compiler 6.7
Tool: armclang [5c9efc00]

compiling r_usb_basic.c...
Failed to check out a license.LICENSE ERROR (R207(3): REGISTRY READ ERROR)

ArmClang.exe: note: Check that your license details are correct in the License Management dialog of MDK. Additional information is available at:
 http://www.keil.com/support/man/docs/license/license_management.htm
 If you need further help, provide this complete error report to your supplier or license.support@arm.com.
 - ARMLMD_LICENSE_FILE: unset
 - LM_LICENSE_FILE: unset
 - ARM_TOOL_VARIANT: unset
 - ARM_PRODUCT_PATH: unset
 - Product location: D:\keil5 c51+stm32\ARM\sw\mappings
 - Toolchain location: D:\keil5 c51+stm32\ARM\ARMCLANG\Bin
 - Selected tool variant: mdk_std
ArmClang.exe: note:  - Checkout feature: LIC0=KA...-.....-.....
 - Feature version: 5.0201703
 - Keil error code: 1
Product: MDK Plus 5.24
Component: ARM Compiler 6.7
Tool: armclang [5c9efc00]

compiling r_usb_cdataio.c...
ArmClang.exe: error: Failed to check out a license.LICENSE ERROR (R207(3): REGISTRY READ ERROR)

ArmClang.exe: note: Check that your license details are correct in the License Management dialog of MDK. Additional information is available at:
 http://www.keil.com/support/man/docs/license/license_management.htm
 If you need further help, provide this complete error report to your supplier or license.support@arm.com.
 - ARMLMD_LICENSE_FILE: unset
 - LM_LICENSE_FILE: unset
 - ARM_TOOL_VARIANT: unset
 - ARM_PRODUCT_PATH: unset
 - Product location: D:\keil5 c51+stm32\ARM\sw\mappings
 - Toolchain location: D:\keil5 c51+stm32\ARM\ARMCLANG\Bin
 - Selected tool variant: mdk_std
ArmClang.exe: note:  - Checkout feature: LIC0=KA...-.....-.....
 - Feature version: 5.0201703
 - Keil error code: 1
Product: MDK Plus 5.24
Component: ARM Compiler 6.7
Tool: armclang [5c9efc00]

compiling r_usb_hbc.c...
ArmClang.exe: error: Failed to check out a license.LICENSE ERROR (R207(3): REGISTRY READ ERROR)

ArmClang.exe: note: Check that your license details are correct in the License Management dialog of MDK. Additional information is available at:
 http://www.keil.com/support/man/docs/license/license_management.htm
 If you need further help, provide this complete error report to your supplier or license.support@arm.com.
 - ARMLMD_LICENSE_FILE: unset
 - LM_LICENSE_FILE: unset
 - ARM_TOOL_VARIANT: unset
 - ARM_PRODUCT_PATH: unset
 - Product location: D:\keil5 c51+stm32\ARM\sw\mappings
 - Toolchain location: D:\keil5 c51+stm32\ARM\ARMCLANG\Bin
 - Selected tool variant: mdk_std
ArmClang.exe: note:  - Checkout feature: LIC0=KA...-.....-.....
 - Feature version: 5.0201703
 - Keil error code: 1
Product: MDK Plus 5.24
Component: ARM Compiler 6.7
Tool: armclang [5c9efc00]

compiling r_usb_clibusbip.c...
ArmClang.exe: error: Failed to check out a license.LICENSE ERROR (R207(3): REGISTRY READ ERROR)

ArmClang.exe: note: Check that your license details are correct in the License Management dialog of MDK. Additional information is available at:
 http://www.keil.com/support/man/docs/license/license_management.htm
 If you need further help, provide this complete error report to your supplier or license.support@arm.com.
 - ARMLMD_LICENSE_FILE: unset
 - LM_LICENSE_FILE: unset
 - ARM_TOOL_VARIANT: unset
 - ARM_PRODUCT_PATH: unset
 - Product location: D:\keil5 c51+stm32\ARM\sw\mappings
 - Toolchain location: D:\keil5 c51+stm32\ARM\ARMCLANG\Bin
 - Selected tool variant: mdk_std
ArmClang.exe: note:  - Checkout feature: LIC0=KA...-.....-.....
 - Feature version: 5.0201703
 - Keil error code: 1
Product: MDK Plus 5.24
Component: ARM Compiler 6.7
Tool: armclang [5c9efc00]

compiling r_usb_cstd_rtos.c...
ArmClang.exe: error: Failed to check out a license.LICENSE ERROR (R207(3): REGISTRY READ ERROR)

ArmClang.exe: note: Check that your license details are correct in the License Management dialog of MDK. Additional information is available at:
 http://www.keil.com/support/man/docs/license/license_management.htm
 If you need further help, provide this complete error report to your supplier or license.support@arm.com.
 - ARMLMD_LICENSE_FILE: unset
 - LM_LICENSE_FILE: unset
 - ARM_TOOL_VARIANT: unset
 - ARM_PRODUCT_PATH: unset
 - Product location: D:\keil5 c51+stm32\ARM\sw\mappings
 - Toolchain location: D:\keil5 c51+stm32\ARM\ARMCLANG\Bin
 - Selected tool variant: mdk_std
ArmClang.exe: note:  - Checkout feature: LIC0=KA...-.....-.....
 - Feature version: 5.0201703
 - Keil error code: 1
Product: MDK Plus 5.24
Component: ARM Compiler 6.7
Tool: armclang [5c9efc00]

compiling r_usb_hdriver.c...
ArmClang.exe: error: Failed to check out a license.LICENSE ERROR (R207(3): REGISTRY READ ERROR)

ArmClang.exe: note: Check that your license details are correct in the License Management dialog of MDK. Additional information is available at:
 http://www.keil.com/support/man/docs/license/license_management.htm
 If you need further help, provide this complete error report to your supplier or license.support@arm.com.
 - ARMLMD_LICENSE_FILE: unset
 - LM_LICENSE_FILE: unset
 - ARM_TOOL_VARIANT: unset
 - ARM_PRODUCT_PATH: unset
 - Product location: D:\keil5 c51+stm32\ARM\sw\mappings
 - Toolchain location: D:\keil5 c51+stm32\ARM\ARMCLANG\Bin
 - Selected tool variant: mdk_std
ArmClang.exe: note:  - Checkout feature: LIC0=KA...-.....-.....
 - Feature version: 5.0201703
 - Keil error code: 1
Product: MDK Plus 5.24
Component: ARM Compiler 6.7
Tool: armclang [5c9efc00]

compiling r_usb_hcontrolrw.c...
ArmClang.exe: error: Failed to check out a license.LICENSE ERROR (R207(3): REGISTRY READ ERROR)

ArmClang.exe: note: Check that your license details are correct in the License Management dialog of MDK. Additional information is available at:
 http://www.keil.com/support/man/docs/license/license_management.htm
 If you need further help, provide this complete error report to your supplier or license.support@arm.com.
 - ARMLMD_LICENSE_FILE: unset
 - LM_LICENSE_FILE: unset
 - ARM_TOOL_VARIANT: unset
 - ARM_PRODUCT_PATH: unset
 - Product location: D:\keil5 c51+stm32\ARM\sw\mappings
 - Toolchain location: D:\keil5 c51+stm32\ARM\ARMCLANG\Bin
 - Selected tool variant: mdk_std
ArmClang.exe: note:  - Checkout feature: LIC0=KA...-.....-.....
 - Feature version: 5.0201703
 - Keil error code: 1
Product: MDK Plus 5.24
Component: ARM Compiler 6.7
Tool: armclang [5c9efc00]

compiling r_usb_hhubsys.c...
ArmClang.exe: error: Failed to check out a license.LICENSE ERROR (R207(3): REGISTRY READ ERROR)

ArmClang.exe: note: Check that your license details are correct in the License Management dialog of MDK. Additional information is available at:
 http://www.keil.com/support/man/docs/license/license_management.htm
 If you need further help, provide this complete error report to your supplier or license.support@arm.com.
 - ARMLMD_LICENSE_FILE: unset
 - LM_LICENSE_FILE: unset
 - ARM_TOOL_VARIANT: unset
 - ARM_PRODUCT_PATH: unset
 - Product location: D:\keil5 c51+stm32\ARM\sw\mappings
 - Toolchain location: D:\keil5 c51+stm32\ARM\ARMCLANG\Bin
 - Selected tool variant: mdk_std
ArmClang.exe: note:  - Checkout feature: LIC0=KA...-.....-.....
 - Feature version: 5.0201703
 - Keil error code: 1
Product: MDK Plus 5.24
Component: ARM Compiler 6.7
Tool: armclang [5c9efc00]

compiling r_usb_hinthandler_usbip0.c...
ArmClang.exe: error: Failed to check out a license.LICENSE ERROR (R207(3): REGISTRY READ ERROR)

ArmClang.exe: note: Check that your license details are correct in the License Management dialog of MDK. Additional information is available at:
 http://www.keil.com/support/man/docs/license/license_management.htm
 If you need further help, provide this complete error report to your supplier or license.support@arm.com.
 - ARMLMD_LICENSE_FILE: unset
 - LM_LICENSE_FILE: unset
 - ARM_TOOL_VARIANT: unset
 - ARM_PRODUCT_PATH: unset
 - Product location: D:\keil5 c51+stm32\ARM\sw\mappings
 - Toolchain location: D:\keil5 c51+stm32\ARM\ARMCLANG\Bin
 - Selected tool variant: mdk_std
ArmClang.exe: note:  - Checkout feature: LIC0=KA...-.....-.....
 - Feature version: 5.0201703
 - Keil error code: 1
Product: MDK Plus 5.24
Component: ARM Compiler 6.7
Tool: armclang [5c9efc00]

compiling r_usb_hinthandler_usbip1.c...
ArmClang.exe: error: Failed to check out a license.LICENSE ERROR (R207(3): REGISTRY READ ERROR)

ArmClang.exe: note: Check that your license details are correct in the License Management dialog of MDK. Additional information is available at:
 http://www.keil.com/support/man/docs/license/license_management.htm
 If you need further help, provide this complete error report to your supplier or license.support@arm.com.
 - ARMLMD_LICENSE_FILE: unset
 - LM_LICENSE_FILE: unset
 - ARM_TOOL_VARIANT: unset
 - ARM_PRODUCT_PATH: unset
 - Product location: D:\keil5 c51+stm32\ARM\sw\mappings
 - Toolchain location: D:\keil5 c51+stm32\ARM\ARMCLANG\Bin
 - Selected tool variant: mdk_std
ArmClang.exe: note:  - Checkout feature: LIC0=KA...-.....-.....
 - Feature version: 5.0201703
 - Keil error code: 1
Product: MDK Plus 5.24
Component: ARM Compiler 6.7
Tool: armclang [5c9efc00]

compiling r_usb_hintfifo.c...
ArmClang.exe: error: Failed to check out a license.LICENSE ERROR (R207(3): REGISTRY READ ERROR)

ArmClang.exe: note: Check that your license details are correct in the License Management dialog of MDK. Additional information is available at:
 http://www.keil.com/support/man/docs/license/license_management.htm
 If you need further help, provide this complete error report to your supplier or license.support@arm.com.
 - ARMLMD_LICENSE_FILE: unset
 - LM_LICENSE_FILE: unset
 - ARM_TOOL_VARIANT: unset
 - ARM_PRODUCT_PATH: unset
 - Product location: D:\keil5 c51+stm32\ARM\sw\mappings
 - Toolchain location: D:\keil5 c51+stm32\ARM\ARMCLANG\Bin
 - Selected tool variant: mdk_std
ArmClang.exe: note:  - Checkout feature: LIC0=KA...-.....-.....
 - Feature version: 5.0201703
 - Keil error code: 1
Product: MDK Plus 5.24
Component: ARM Compiler 6.7
Tool: armclang [5c9efc00]

compiling r_usb_hsignal.c...
ArmClang.exe: error: Failed to check out a license.LICENSE ERROR (R207(3): REGISTRY READ ERROR)

ArmClang.exe: note: Check that your license details are correct in the License Management dialog of MDK. Additional information is available at:
 http://www.keil.com/support/man/docs/license/license_management.htm
 If you need further help, provide this complete error report to your supplier or license.support@arm.com.
 - ARMLMD_LICENSE_FILE: unset
 - LM_LICENSE_FILE: unset
 - ARM_TOOL_VARIANT: unset
 - ARM_PRODUCT_PATH: unset
 - Product location: D:\keil5 c51+stm32\ARM\sw\mappings
 - Toolchain location: D:\keil5 c51+stm32\ARM\ARMCLANG\Bin
 - Selected tool variant: mdk_std
ArmClang.exe: note:  - Checkout feature: LIC0=KA...-.....-.....
 - Feature version: 5.0201703
 - Keil error code: 1
Product: MDK Plus 5.24
Component: ARM Compiler 6.7
Tool: armclang [5c9efc00]

compiling r_usb_hlibusbip.c...
ArmClang.exe: error: Failed to check out a license.LICENSE ERROR (R207(3): REGISTRY READ ERROR)

ArmClang.exe: note: Check that your license details are correct in the License Management dialog of MDK. Additional information is available at:
 http://www.keil.com/support/man/docs/license/license_management.htm
 If you need further help, provide this complete error report to your supplier or license.support@arm.com.
 - ARMLMD_LICENSE_FILE: unset
 - LM_LICENSE_FILE: unset
 - ARM_TOOL_VARIANT: unset
 - ARM_PRODUCT_PATH: unset
 - Product location: D:\keil5 c51+stm32\ARM\sw\mappings
 - Toolchain location: D:\keil5 c51+stm32\ARM\ARMCLANG\Bin
 - Selected tool variant: mdk_std
ArmClang.exe: note:  - Checkout feature: LIC0=KA...-.....-.....
 - Feature version: 5.0201703
 - Keil error code: 1
Product: MDK Plus 5.24
Component: ARM Compiler 6.7
Tool: armclang [5c9efc00]

compiling r_usb_hmanager.c...
ArmClang.exe: error: Failed to check out a license.LICENSE ERROR (R207(3): REGISTRY READ ERROR)

ArmClang.exe: note: Check that your license details are correct in the License Management dialog of MDK. Additional information is available at:
 http://www.keil.com/support/man/docs/license/license_management.htm
 If you need further help, provide this complete error report to your supplier or license.support@arm.com.
 - ARMLMD_LICENSE_FILE: unset
 - LM_LICENSE_FILE: unset
 - ARM_TOOL_VARIANT: unset
 - ARM_PRODUCT_PATH: unset
 - Product location: D:\keil5 c51+stm32\ARM\sw\mappings
 - Toolchain location: D:\keil5 c51+stm32\ARM\ARMCLANG\Bin
 - Selected tool variant: mdk_std
ArmClang.exe: note:  - Checkout feature: LIC0=KA...-.....-.....
 - Feature version: 5.0201703
 - Keil error code: 1
Product: MDK Plus 5.24
Component: ARM Compiler 6.7
Tool: armclang [5c9efc00]

compiling r_usb_pdriver.c...
ArmClang.exe: error: Failed to check out a license.LICENSE ERROR (R207(3): REGISTRY READ ERROR)

ArmClang.exe: note: Check that your license details are correct in the License Management dialog of MDK. Additional information is available at:
 http://www.keil.com/support/man/docs/license/license_management.htm
 If you need further help, provide this complete error report to your supplier or license.support@arm.com.
 - ARMLMD_LICENSE_FILE: unset
 - LM_LICENSE_FILE: unset
 - ARM_TOOL_VARIANT: unset
 - ARM_PRODUCT_PATH: unset
 - Product location: D:\keil5 c51+stm32\ARM\sw\mappings
 - Toolchain location: D:\keil5 c51+stm32\ARM\ARMCLANG\Bin
 - Selected tool variant: mdk_std
ArmClang.exe: note:  - Checkout feature: LIC0=KA...-.....-.....
 - Feature version: 5.0201703
 - Keil error code: 1
Product: MDK Plus 5.24
Component: ARM Compiler 6.7
Tool: armclang [5c9efc00]

compiling r_usb_hscheduler.c...
ArmClang.exe: error: Failed to check out a license.LICENSE ERROR (R207(3): REGISTRY READ ERROR)

ArmClang.exe: note: Check that your license details are correct in the License Management dialog of MDK. Additional information is available at:
 http://www.keil.com/support/man/docs/license/license_management.htm
 If you need further help, provide this complete error report to your supplier or license.support@arm.com.
 - ARMLMD_LICENSE_FILE: unset
 - LM_LICENSE_FILE: unset
 - ARM_TOOL_VARIANT: unset
 - ARM_PRODUCT_PATH: unset
 - Product location: D:\keil5 c51+stm32\ARM\sw\mappings
 - Toolchain location: D:\keil5 c51+stm32\ARM\ARMCLANG\Bin
 - Selected tool variant: mdk_std
ArmClang.exe: note:  - Checkout feature: LIC0=KA...-.....-.....
 - Feature version: 5.0201703
 - Keil error code: 1
Product: MDK Plus 5.24
Component: ARM Compiler 6.7
Tool: armclang [5c9efc00]

compiling r_usb_hstdfunction.c...
ArmClang.exe: error: Failed to check out a license.LICENSE ERROR (R207(3): REGISTRY READ ERROR)

ArmClang.exe: note: Check that your license details are correct in the License Management dialog of MDK. Additional information is available at:
 http://www.keil.com/support/man/docs/license/license_management.htm
 If you need further help, provide this complete error report to your supplier or license.support@arm.com.
 - ARMLMD_LICENSE_FILE: unset
 - LM_LICENSE_FILE: unset
 - ARM_TOOL_VARIANT: unset
 - ARM_PRODUCT_PATH: unset
 - Product location: D:\keil5 c51+stm32\ARM\sw\mappings
 - Toolchain location: D:\keil5 c51+stm32\ARM\ARMCLANG\Bin
 - Selected tool variant: mdk_std
ArmClang.exe: note:  - Checkout feature: LIC0=KA...-.....-.....
 - Feature version: 5.0201703
 - Keil error code: 1
Product: MDK Plus 5.24
Component: ARM Compiler 6.7
Tool: armclang [5c9efc00]

compiling r_usb_pcontrolrw.c...
ArmClang.exe: error: Failed to check out a license.LICENSE ERROR (R207(3): REGISTRY READ ERROR)

ArmClang.exe: note: Check that your license details are correct in the License Management dialog of MDK. Additional information is available at:
 http://www.keil.com/support/man/docs/license/license_management.htm
 If you need further help, provide this complete error report to your supplier or license.support@arm.com.
 - ARMLMD_LICENSE_FILE: unset
 - LM_LICENSE_FILE: unset
 - ARM_TOOL_VARIANT: unset
 - ARM_PRODUCT_PATH: unset
 - Product location: D:\keil5 c51+stm32\ARM\sw\mappings
 - Toolchain location: D:\keil5 c51+stm32\ARM\ARMCLANG\Bin
 - Selected tool variant: mdk_std
ArmClang.exe: note:  - Checkout feature: LIC0=KA...-.....-.....
 - Feature version: 5.0201703
 - Keil error code: 1
Product: MDK Plus 5.24
Component: ARM Compiler 6.7
Tool: armclang [5c9efc00]

compiling r_usb_pbc.c...
ArmClang.exe: error: Failed to check out a license.LICENSE ERROR (R207(3): REGISTRY READ ERROR)

ArmClang.exe: note: Check that your license details are correct in the License Management dialog of MDK. Additional information is available at:
 http://www.keil.com/support/man/docs/license/license_management.htm
 If you need further help, provide this complete error report to your supplier or license.support@arm.com.
 - ARMLMD_LICENSE_FILE: unset
 - LM_LICENSE_FILE: unset
 - ARM_TOOL_VARIANT: unset
 - ARM_PRODUCT_PATH: unset
 - Product location: D:\keil5 c51+stm32\ARM\sw\mappings
 - Toolchain location: D:\keil5 c51+stm32\ARM\ARMCLANG\Bin
 - Selected tool variant: mdk_std
ArmClang.exe: note:  - Checkout feature: LIC0=KA...-.....-.....
 - Feature version: 5.0201703
 - Keil error code: 1
Product: MDK Plus 5.24
Component: ARM Compiler 6.7
Tool: armclang [5c9efc00]

compiling r_usb_plibusbip.c...
ArmClang.exe: error: Failed to check out a license.LICENSE ERROR (R207(3): REGISTRY READ ERROR)

ArmClang.exe: note: Check that your license details are correct in the License Management dialog of MDK. Additional information is available at:
 http://www.keil.com/support/man/docs/license/license_management.htm
 If you need further help, provide this complete error report to your supplier or license.support@arm.com.
 - ARMLMD_LICENSE_FILE: unset
 - LM_LICENSE_FILE: unset
 - ARM_TOOL_VARIANT: unset
 - ARM_PRODUCT_PATH: unset
 - Product location: D:\keil5 c51+stm32\ARM\sw\mappings
 - Toolchain location: D:\keil5 c51+stm32\ARM\ARMCLANG\Bin
 - Selected tool variant: mdk_std
ArmClang.exe: note:  - Checkout feature: LIC0=KA...-.....-.....
 - Feature version: 5.0201703
 - Keil error code: 1
Product: MDK Plus 5.24
Component: ARM Compiler 6.7
Tool: armclang [5c9efc00]

compiling r_usb_pintfifo.c...
ArmClang.exe: error: Failed to check out a license.LICENSE ERROR (R207(3): REGISTRY READ ERROR)

ArmClang.exe: note: Check that your license details are correct in the License Management dialog of MDK. Additional information is available at:
 http://www.keil.com/support/man/docs/license/license_management.htm
 If you need further help, provide this complete error report to your supplier or license.support@arm.com.
 - ARMLMD_LICENSE_FILE: unset
 - LM_LICENSE_FILE: unset
 - ARM_TOOL_VARIANT: unset
 - ARM_PRODUCT_PATH: unset
 - Product location: D:\keil5 c51+stm32\ARM\sw\mappings
 - Toolchain location: D:\keil5 c51+stm32\ARM\ARMCLANG\Bin
 - Selected tool variant: mdk_std
ArmClang.exe: note:  - Checkout feature: LIC0=KA...-.....-.....
 - Feature version: 5.0201703
 - Keil error code: 1
Product: MDK Plus 5.24
Component: ARM Compiler 6.7
Tool: armclang [5c9efc00]

compiling r_usb_pinthandler_usbip0.c...
ArmClang.exe: error: Failed to check out a license.LICENSE ERROR (R207(3): REGISTRY READ ERROR)

ArmClang.exe: note: Check that your license details are correct in the License Management dialog of MDK. Additional information is available at:
 http://www.keil.com/support/man/docs/license/license_management.htm
 If you need further help, provide this complete error report to your supplier or license.support@arm.com.
 - ARMLMD_LICENSE_FILE: unset
 - LM_LICENSE_FILE: unset
 - ARM_TOOL_VARIANT: unset
 - ARM_PRODUCT_PATH: unset
 - Product location: D:\keil5 c51+stm32\ARM\sw\mappings
 - Toolchain location: D:\keil5 c51+stm32\ARM\ARMCLANG\Bin
 - Selected tool variant: mdk_std
ArmClang.exe: note:  - Checkout feature: LIC0=KA...-.....-.....
 - Feature version: 5.0201703
 - Keil error code: 1
Product: MDK Plus 5.24
Component: ARM Compiler 6.7
Tool: armclang [5c9efc00]

compiling r_usb_pstdrequest.c...
ArmClang.exe: error: Failed to check out a license.LICENSE ERROR (R207(3): REGISTRY READ ERROR)

ArmClang.exe: note: Check that your license details are correct in the License Management dialog of MDK. Additional information is available at:
 http://www.keil.com/support/man/docs/license/license_management.htm
 If you need further help, provide this complete error report to your supplier or license.support@arm.com.
 - ARMLMD_LICENSE_FILE: unset
 - LM_LICENSE_FILE: unset
 - ARM_TOOL_VARIANT: unset
 - ARM_PRODUCT_PATH: unset
 - Product location: D:\keil5 c51+stm32\ARM\sw\mappings
 - Toolchain location: D:\keil5 c51+stm32\ARM\ARMCLANG\Bin
 - Selected tool variant: mdk_std
ArmClang.exe: note:  - Checkout feature: LIC0=KA...-.....-.....
 - Feature version: 5.0201703
 - Keil error code: 1
Product: MDK Plus 5.24
Component: ARM Compiler 6.7
Tool: armclang [5c9efc00]

compiling r_usb_psignal.c...
ArmClang.exe: error: Failed to check out a license.LICENSE ERROR (R207(3): REGISTRY READ ERROR)

ArmClang.exe: note: Check that your license details are correct in the License Management dialog of MDK. Additional information is available at:
 http://www.keil.com/support/man/docs/license/license_management.htm
 If you need further help, provide this complete error report to your supplier or license.support@arm.com.
 - ARMLMD_LICENSE_FILE: unset
 - LM_LICENSE_FILE: unset
 - ARM_TOOL_VARIANT: unset
 - ARM_PRODUCT_PATH: unset
 - Product location: D:\keil5 c51+stm32\ARM\sw\mappings
 - Toolchain location: D:\keil5 c51+stm32\ARM\ARMCLANG\Bin
 - Selected tool variant: mdk_std
ArmClang.exe: note:  - Checkout feature: LIC0=KA...-.....-.....
 - Feature version: 5.0201703
 - Keil error code: 1
Product: MDK Plus 5.24
Component: ARM Compiler 6.7
Tool: armclang [5c9efc00]

compiling r_usb_pstdfunction.c...
ArmClang.exe: error: Failed to check out a license.LICENSE ERROR (R207(3): REGISTRY READ ERROR)

ArmClang.exe: note: Check that your license details are correct in the License Management dialog of MDK. Additional information is available at:
 http://www.keil.com/support/man/docs/license/license_management.htm
 If you need further help, provide this complete error report to your supplier or license.support@arm.com.
 - ARMLMD_LICENSE_FILE: unset
 - LM_LICENSE_FILE: unset
 - ARM_TOOL_VARIANT: unset
 - ARM_PRODUCT_PATH: unset
 - Product location: D:\keil5 c51+stm32\ARM\sw\mappings
 - Toolchain location: D:\keil5 c51+stm32\ARM\ARMCLANG\Bin
 - Selected tool variant: mdk_std
ArmClang.exe: note:  - Checkout feature: LIC0=KA...-.....-.....
 - Feature version: 5.0201703
 - Keil error code: 1
Product: MDK Plus 5.24
Component: ARM Compiler 6.7
Tool: armclang [5c9efc00]

compiling r_usb_creg_access.c...
ArmClang.exe: Failed to check out a license.LICENSE ERROR (R207(3): REGISTRY READ ERROR)

ArmClang.exe: note: Check that your license details are correct in the License Management dialog of MDK. Additional information is available at:
 http://www.keil.com/support/man/docs/license/license_management.htm
 If you need further help, provide this complete error report to your supplier or license.support@arm.com.
 - ARMLMD_LICENSE_FILE: unset
 - LM_LICENSE_FILE: unset
 - ARM_TOOL_VARIANT: unset
 - ARM_PRODUCT_PATH: unset
 - Product location: D:\keil5 c51+stm32\ARM\sw\mappings
 - Toolchain location: D:\keil5 c51+stm32\ARM\ARMCLANG\Bin
 - Selected tool variant: mdk_std
ArmClang.exe: note:  - Checkout feature: LIC0=KA...-.....-.....
 - Feature version: 5.0201703
 - Keil error code: 1
Product: MDK Plus 5.24
Component: ARM Compiler 6.7
Tool: armclang [5c9efc00]

compiling r_usb_creg_abs.c...
ArmClang.exe: error: Failed to check out a license.LICENSE ERROR (R207(3): REGISTRY READ ERROR)

ArmClang.exe: note: Check that your license details are correct in the License Management dialog of MDK. Additional information is available at:
 http://www.keil.com/support/man/docs/license/license_management.htm
 If you need further help, provide this complete error report to your supplier or license.support@arm.com.
 - ARMLMD_LICENSE_FILE: unset
 - LM_LICENSE_FILE: unset
 - ARM_TOOL_VARIANT: unset
 - ARM_PRODUCT_PATH: unset
 - Product location: D:\keil5 c51+stm32\ARM\sw\mappings
 - Toolchain location: D:\keil5 c51+stm32\ARM\ARMCLANG\Bin
 - Selected tool variant: mdk_std
ArmClang.exe: note:  - Checkout feature: LIC0=KA...-.....-.....
 - Feature version: 5.0201703
 - Keil error code: 1
Product: MDK Plus 5.24
Component: ARM Compiler 6.7
Tool: armclang [5c9efc00]

compiling r_usb_hostelectrical.c...
ArmClang.exe: error: Failed to check out a license.LICENSE ERROR (R207(3): REGISTRY READ ERROR)

ArmClang.exe: note: Check that your license details are correct in the License Management dialog of MDK. Additional information is available at:
 http://www.keil.com/support/man/docs/license/license_management.htm
 If you need further help, provide this complete error report to your supplier or license.support@arm.com.
 - ARMLMD_LICENSE_FILE: unset
 - LM_LICENSE_FILE: unset
 - ARM_TOOL_VARIANT: unset
 - ARM_PRODUCT_PATH: unset
 - Product location: D:\keil5 c51+stm32\ARM\sw\mappings
 - Toolchain location: D:\keil5 c51+stm32\ARM\ARMCLANG\Bin
 - Selected tool variant: mdk_std
ArmClang.exe: note:  - Checkout feature: LIC0=KA...-.....-.....
 - Feature version: 5.0201703
 - Keil error code: 1
Product: MDK Plus 5.24
Component: ARM Compiler 6.7
Tool: armclang [5c9efc00]

compiling r_usb_hreg_abs.c...
ArmClang.exe: error: Failed to check out a license.LICENSE ERROR (R207(3): REGISTRY READ ERROR)

ArmClang.exe: note: Check that your license details are correct in the License Management dialog of MDK. Additional information is available at:
 http://www.keil.com/support/man/docs/license/license_management.htm
 If you need further help, provide this complete error report to your supplier or license.support@arm.com.
 - ARMLMD_LICENSE_FILE: unset
 - LM_LICENSE_FILE: unset
 - ARM_TOOL_VARIANT: unset
 - ARM_PRODUCT_PATH: unset
 - Product location: D:\keil5 c51+stm32\ARM\sw\mappings
 - Toolchain location: D:\keil5 c51+stm32\ARM\ARMCLANG\Bin
 - Selected tool variant: mdk_std
ArmClang.exe: note:  - Checkout feature: LIC0=KA...-.....-.....
 - Feature version: 5.0201703
 - Keil error code: 1
Product: MDK Plus 5.24
Component: ARM Compiler 6.7
Tool: armclang [5c9efc00]

compiling r_usb_dma.c...
ArmClang.exe: error: Failed to check out a license.LICENSE ERROR (R207(3): REGISTRY READ ERROR)

ArmClang.exe: note: Check that your license details are correct in the License Management dialog of MDK. Additional information is available at:
 http://www.keil.com/support/man/docs/license/license_management.htm
 If you need further help, provide this complete error report to your supplier or license.support@arm.com.
 - ARMLMD_LICENSE_FILE: unset
 - LM_LICENSE_FILE: unset
 - ARM_TOOL_VARIANT: unset
 - ARM_PRODUCT_PATH: unset
 - Product location: D:\keil5 c51+stm32\ARM\sw\mappings
 - Toolchain location: D:\keil5 c51+stm32\ARM\ARMCLANG\Bin
 - Selected tool variant: mdk_std
ArmClang.exe: note:  - Checkout feature: LIC0=KA...-.....-.....
 - Feature version: 5.0201703
 - Keil error code: 1
Product: MDK Plus 5.24
Component: ARM Compiler 6.7
Tool: armclang [5c9efc00]

compiling r_usb_preg_access.c...
ArmClang.exe: error: Failed to check out a license.LICENSE ERROR (R207(3): REGISTRY READ ERROR)

ArmClang.exe: note: Check that your license details are correct in the License Management dialog of MDK. Additional information is available at:
 http://www.keil.com/support/man/docs/license/license_management.htm
 If you need further help, provide this complete error report to your supplier or license.support@arm.com.
 - ARMLMD_LICENSE_FILE: unset
 - LM_LICENSE_FILE: unset
 - ARM_TOOL_VARIANT: unset
 - ARM_PRODUCT_PATH: unset
 - Product location: D:\keil5 c51+stm32\ARM\sw\mappings
 - Toolchain location: D:\keil5 c51+stm32\ARM\ARMCLANG\Bin
 - Selected tool variant: mdk_std
ArmClang.exe: note:  - Checkout feature: LIC0=KA...-.....-.....
 - Feature version: 5.0201703
 - Keil error code: 1
Product: MDK Plus 5.24
Component: ARM Compiler 6.7
Tool: armclang [5c9efc00]

compiling r_usb_hreg_access.c...
ArmClang.exe: error: Failed to check out a license.LICENSE ERROR (R207(3): REGISTRY READ ERROR)

ArmClang.exe: note: Check that your license details are correct in the License Management dialog of MDK. Additional information is available at:
 http://www.keil.com/support/man/docs/license/license_management.htm
 If you need further help, provide this complete error report to your supplier or license.support@arm.com.
 - ARMLMD_LICENSE_FILE: unset
 - LM_LICENSE_FILE: unset
 - ARM_TOOL_VARIANT: unset
 - ARM_PRODUCT_PATH: unset
 - Product location: D:\keil5 c51+stm32\ARM\sw\mappings
 - Toolchain location: D:\keil5 c51+stm32\ARM\ARMCLANG\Bin
 - Selected tool variant: mdk_std
ArmClang.exe: note:  - Checkout feature: LIC0=KA...-.....-.....
 - Feature version: 5.0201703
 - Keil error code: 1
Product: MDK Plus 5.24
Component: ARM Compiler 6.7
Tool: armclang [5c9efc00]

compiling r_usb_preg_abs.c...
ArmClang.exe: error: Failed to check out a license.LICENSE ERROR (R207(3): REGISTRY READ ERROR)

ArmClang.exe: note: Check that your license details are correct in the License Management dialog of MDK. Additional information is available at:
 http://www.keil.com/support/man/docs/license/license_management.htm
 If you need further help, provide this complete error report to your supplier or license.support@arm.com.
 - ARMLMD_LICENSE_FILE: unset
 - LM_LICENSE_FILE: unset
 - ARM_TOOL_VARIANT: unset
 - ARM_PRODUCT_PATH: unset
 - Product location: D:\keil5 c51+stm32\ARM\sw\mappings
 - Toolchain location: D:\keil5 c51+stm32\ARM\ARMCLANG\Bin
 - Selected tool variant: mdk_std
ArmClang.exe: note:  - Checkout feature: LIC0=KA...-.....-.....
 - Feature version: 5.0201703
 - Keil error code: 1
Product: MDK Plus 5.24
Component: ARM Compiler 6.7
Tool: armclang [5c9efc00]

compiling r_usb_mcu.c...
ArmClang.exe: error: Failed to check out a license.LICENSE ERROR (R207(3): REGISTRY READ ERROR)

ArmClang.exe: note: Check that your license details are correct in the License Management dialog of MDK. Additional information is available at:
 http://www.keil.com/support/man/docs/license/license_management.htm
 If you need further help, provide this complete error report to your supplier or license.support@arm.com.
 - ARMLMD_LICENSE_FILE: unset
 - LM_LICENSE_FILE: unset
 - ARM_TOOL_VARIANT: unset
 - ARM_PRODUCT_PATH: unset
 - Product location: D:\keil5 c51+stm32\ARM\sw\mappings
 - Toolchain location: D:\keil5 c51+stm32\ARM\ARMCLANG\Bin
 - Selected tool variant: mdk_std
ArmClang.exe: note:  - Checkout feature: LIC0=KA...-.....-.....
 - Feature version: 5.0201703
 - Keil error code: 1
Product: MDK Plus 5.24
Component: ARM Compiler 6.7
Tool: armclang [5c9efc00]

compiling r_usb_pcdc_driver.c...
ArmClang.exe: error: Failed to check out a license.LICENSE ERROR (R207(3): REGISTRY READ ERROR)

ArmClang.exe: note: Check that your license details are correct in the License Management dialog of MDK. Additional information is available at:
 http://www.keil.com/support/man/docs/license/license_management.htm
 If you need further help, provide this complete error report to your supplier or license.support@arm.com.
 - ARMLMD_LICENSE_FILE: unset
 - LM_LICENSE_FILE: unset
 - ARM_TOOL_VARIANT: unset
 - ARM_PRODUCT_PATH: unset
 - Product location: D:\keil5 c51+stm32\ARM\sw\mappings
 - Toolchain location: D:\keil5 c51+stm32\ARM\ARMCLANG\Bin
 - Selected tool variant: mdk_std
ArmClang.exe: note:  - Checkout feature: LIC0=KA...-.....-.....
 - Feature version: 5.0201703
 - Keil error code: 1
Product: MDK Plus 5.24
Component: ARM Compiler 6.7
Tool: armclang [5c9efc00]

compiling port.c...
ArmClang.exe: error: Failed to check out a license.LICENSE ERROR (R207(3): REGISTRY READ ERROR)

ArmClang.exe: note: Check that your license details are correct in the License Management dialog of MDK. Additional information is available at:
 http://www.keil.com/support/man/docs/license/license_management.htm
 If you need further help, provide this complete error report to your supplier or license.support@arm.com.
 - ARMLMD_LICENSE_FILE: unset
 - LM_LICENSE_FILE: unset
 - ARM_TOOL_VARIANT: unset
 - ARM_PRODUCT_PATH: unset
 - Product location: D:\keil5 c51+stm32\ARM\sw\mappings
 - Toolchain location: D:\keil5 c51+stm32\ARM\ARMCLANG\Bin
 - Selected tool variant: mdk_std
ArmClang.exe: note:  - Checkout feature: LIC0=KA...-.....-.....
 - Feature version: 5.0201703
 - Keil error code: 1
Product: MDK Plus 5.24
Component: ARM Compiler 6.7
Tool: armclang [5c9efc00]

compiling common_data.c...
ArmClang.exe: error: Failed to check out a license.LICENSE ERROR (R207(3): REGISTRY READ ERROR)

ArmClang.exe: note: Check that your license details are correct in the License Management dialog of MDK. Additional information is available at:
 http://www.keil.com/support/man/docs/license/license_management.htm
 If you need further help, provide this complete error report to your supplier or license.support@arm.com.
 - ARMLMD_LICENSE_FILE: unset
 - LM_LICENSE_FILE: unset
 - ARM_TOOL_VARIANT: unset
 - ARM_PRODUCT_PATH: unset
 - Product location: D:\keil5 c51+stm32\ARM\sw\mappings
 - Toolchain location: D:\keil5 c51+stm32\ARM\ARMCLANG\Bin
 - Selected tool variant: mdk_std
ArmClang.exe: note:  - Checkout feature: LIC0=KA...-.....-.....
 - Feature version: 5.0201703
 - Keil error code: 1
Product: MDK Plus 5.24
Component: ARM Compiler 6.7
Tool: armclang [5c9efc00]

compiling daemon_task.c...
ArmClang.exe: error: Failed to check out a license.LICENSE ERROR (R207(3): REGISTRY READ ERROR)

ArmClang.exe: note: Check that your license details are correct in the License Management dialog of MDK. Additional information is available at:
 http://www.keil.com/support/man/docs/license/license_management.htm
 If you need further help, provide this complete error report to your supplier or license.support@arm.com.
 - ARMLMD_LICENSE_FILE: unset
 - LM_LICENSE_FILE: unset
 - ARM_TOOL_VARIANT: unset
 - ARM_PRODUCT_PATH: unset
 - Product location: D:\keil5 c51+stm32\ARM\sw\mappings
 - Toolchain location: D:\keil5 c51+stm32\ARM\ARMCLANG\Bin
 - Selected tool variant: mdk_std
ArmClang.exe: note:  - Checkout feature: LIC0=KA...-.....-.....
 - Feature version: 5.0201703
 - Keil error code: 1
Product: MDK Plus 5.24
Component: ARM Compiler 6.7
Tool: armclang [5c9efc00]

compiling main.c...
ArmClang.exe: error: Failed to check out a license.LICENSE ERROR (R207(3): REGISTRY READ ERROR)

ArmClang.exe: note: Check that your license details are correct in the License Management dialog of MDK. Additional information is available at:
 http://www.keil.com/support/man/docs/license/license_management.htm
 If you need further help, provide this complete error report to your supplier or license.support@arm.com.
 - ARMLMD_LICENSE_FILE: unset
 - LM_LICENSE_FILE: unset
 - ARM_TOOL_VARIANT: unset
 - ARM_PRODUCT_PATH: unset
 - Product location: D:\keil5 c51+stm32\ARM\sw\mappings
 - Toolchain location: D:\keil5 c51+stm32\ARM\ARMCLANG\Bin
 - Selected tool variant: mdk_std
ArmClang.exe: note:  - Checkout feature: LIC0=KA...-.....-.....
 - Feature version: 5.0201703
 - Keil error code: 1
Product: MDK Plus 5.24
Component: ARM Compiler 6.7
Tool: armclang [5c9efc00]

compiling hal_data.c...
ArmClang.exe: error: Failed to check out a license.LICENSE ERROR (R207(3): REGISTRY READ ERROR)

ArmClang.exe: note: Check that your license details are correct in the License Management dialog of MDK. Additional information is available at:
 http://www.keil.com/support/man/docs/license/license_management.htm
 If you need further help, provide this complete error report to your supplier or license.support@arm.com.
 - ARMLMD_LICENSE_FILE: unset
 - LM_LICENSE_FILE: unset
 - ARM_TOOL_VARIANT: unset
 - ARM_PRODUCT_PATH: unset
 - Product location: D:\keil5 c51+stm32\ARM\sw\mappings
 - Toolchain location: D:\keil5 c51+stm32\ARM\ARMCLANG\Bin
 - Selected tool variant: mdk_std
ArmClang.exe: note:  - Checkout feature: LIC0=KA...-.....-.....
 - Feature version: 5.0201703
 - Keil error code: 1
Product: MDK Plus 5.24
Component: ARM Compiler 6.7
Tool: armclang [5c9efc00]

compiling motor_ctrl_task.c...
ArmClang.exe: error: Failed to check out a license.LICENSE ERROR (R207(3): REGISTRY READ ERROR)

ArmClang.exe: note: Check that your license details are correct in the License Management dialog of MDK. Additional information is available at:
 http://www.keil.com/support/man/docs/license/license_management.htm
 If you need further help, provide this complete error report to your supplier or license.support@arm.com.
 - ARMLMD_LICENSE_FILE: unset
 - LM_LICENSE_FILE: unset
 - ARM_TOOL_VARIANT: unset
 - ARM_PRODUCT_PATH: unset
 - Product location: D:\keil5 c51+stm32\ARM\sw\mappings
 - Toolchain location: D:\keil5 c51+stm32\ARM\ARMCLANG\Bin
 - Selected tool variant: mdk_std
ArmClang.exe: note:  - Checkout feature: LIC0=KA...-.....-.....
 - Feature version: 5.0201703
 - Keil error code: 1
Product: MDK Plus 5.24
Component: ARM Compiler 6.7
Tool: armclang [5c9efc00]

compiling pin_data.c...
ArmClang.exe: error: Failed to check out a license.LICENSE ERROR (R207(3): REGISTRY READ ERROR)

ArmClang.exe: note: Check that your license details are correct in the License Management dialog of MDK. Additional information is available at:
 http://www.keil.com/support/man/docs/license/license_management.htm
 If you need further help, provide this complete error report to your supplier or license.support@arm.com.
 - ARMLMD_LICENSE_FILE: unset
 - LM_LICENSE_FILE: unset
 - ARM_TOOL_VARIANT: unset
 - ARM_PRODUCT_PATH: unset
 - Product location: D:\keil5 c51+stm32\ARM\sw\mappings
 - Toolchain location: D:\keil5 c51+stm32\ARM\ARMCLANG\Bin
 - Selected tool variant: mdk_std
ArmClang.exe: note:  - Checkout feature: LIC0=KA...-.....-.....
 - Feature version: 5.0201703
 - Keil error code: 1
Product: MDK Plus 5.24
Component: ARM Compiler 6.7
Tool: armclang [5c9efc00]

compiling vector_data.c...
ArmClang.exe: error: Failed to check out a license.LICENSE ERROR (R207(3): REGISTRY READ ERROR)

ArmClang.exe: note: Check that your license details are correct in the License Management dialog of MDK. Additional information is available at:
 http://www.keil.com/support/man/docs/license/license_management.htm
 If you need further help, provide this complete error report to your supplier or license.support@arm.com.
 - ARMLMD_LICENSE_FILE: unset
 - LM_LICENSE_FILE: unset
 - ARM_TOOL_VARIANT: unset
 - ARM_PRODUCT_PATH: unset
 - Product location: D:\keil5 c51+stm32\ARM\sw\mappings
 - Toolchain location: D:\keil5 c51+stm32\ARM\ARMCLANG\Bin
 - Selected tool variant: mdk_std
ArmClang.exe: note:  - Checkout feature: LIC0=KA...-.....-.....
 - Feature version: 5.0201703
 - Keil error code: 1
Product: MDK Plus 5.24
Component: ARM Compiler 6.7
Tool: armclang [5c9efc00]

compiling robot_task.c...
".\Objects\FSP_Project.axf" - 95 Error(s), 0 Warning(s).
Target not created.
Build Time Elapsed:  00:00:43
