*** Using Compiler 'V6.23', folder: 'D:\keil5 c51+stm32\ARM\PACK\ARM\ARMCLANG\Bin'
Build target 'Target_1'
Before Build - User command #1: cmd /c ""c:\Users\Xiong Sir\Desktop\Customer_Controller\rasc_launcher.bat" "c:\Users\Xiong Sir\Desktop\Customer_Controller\rasc_version.txt" -nosplash --launcher.suppressErrors --generate --compiler ARMv6 --devicefamily ra "c:\Users\Xiong Sir\Desktop\Customer_Controller\configuration.xml" 2> "%TEMP%\rasc_stderr.out" && echo. > "c:\Users\Xiong Sir\Desktop\Customer_Controller\output.rasc""
[INFO] Input file "c:\Users\Xiong Sir\Desktop\Customer_Controller\configuration.xml" is older than output file "c:\Users\Xiong Sir\Desktop\Customer_Controller\output.rasc". Skipping RASC invocation.
compiling bsp_gpio.c...
compiling r_usb_pcdc_descriptor.c...
compiling motor_ctrl_task_entry.c...
compiling bsp_usb.c...
compiling hal_warmstart.c...
compiling daemon_task_entry.c...
compiling bsp_dwt.c...
compiling bsp_uart.c...
compiling bsp_can.c...
compiling robot_task_entry.c...
compiling controller.c...
compiling wifi.c...
compiling message_center.c...
compiling vision.c...
compiling daemon.c...
compiling flysky.c...
compiling mc6c.c...
compiling step_motor.c...
modules/motor/RSmotor/rs_motor.c(79): warning: implicit conversion loses floating-point precision: 'double' to 'float' [-Wimplicit-float-conversion]
   79 |     DWT_Delay(0.1);
      |     ~~~~~~~~~ ^~~
modules/motor/RSmotor/rs_motor.c(150): warning: implicit conversion loses floating-point precision: 'double' to 'float' [-Wimplicit-float-conversion]
  150 |     DWT_Delay(0.1);
      |     ~~~~~~~~~ ^~~
modules/motor/RSmotor/rs_motor.c(277): warning: implicit conversion loses integer precision: 'int' to 'uint8_t' (aka 'unsigned char') [-Wimplicit-int-conversion]
  277 |     tx_buff[3] = ((velocity_uint & 0x0F) << 4) | ((kp_uint >> 8) & 0x0F);
      |                ~ ~~~~~~~~~~~~~~~~~~~~~~~~~~~~~~^~~~~~~~~~~~~~~~~~~~~~~~~
modules/motor/RSmotor/rs_motor.c(280): warning: implicit conversion loses integer precision: 'int' to 'uint8_t' (aka 'unsigned char') [-Wimplicit-int-conversion]
  280 |     tx_buff[6] = ((kd_uint & 0x0F) << 4) | ((torque_uint >> 8) & 0x0F);
      |                ~ ~~~~~~~~~~~~~~~~~~~~~~~~^~~~~~~~~~~~~~~~~~~~~~~~~~~~~
4 warnings generated.
compiling rs_motor.c...
compiling bluetooth.c...
modules/motor/DJImotor/dji_motor.c(87): warning: implicit conversion loses integer precision: 'int' to 'uint16_t' (aka 'unsigned short') [-Wimplicit-int-conversion]
   87 |     measure->ecd = ((uint16_t)rxbuff[0]) << 8 | rxbuff[1];
      |                  ~ ~~~~~~~~~~~~~~~~~~~~~~~~~~~^~~~~~~~~~~
1 warning generated.
compiling dji_motor.c...
compiling dummy_kinematic_v2.c...
compiling dummy_cmd.c...
modules/imu/DM_IMU/DM_IMU.c(29): warning: implicit conversion loses integer precision: 'int' to 'uint16_t' (aka 'unsigned short') [-Wimplicit-int-conversion]
   29 |     accel[0] = pData[3] << 8 | pData[2];
      |              ~ ~~~~~~~~~~~~~~^~~~~~~~~~
modules/imu/DM_IMU/DM_IMU.c(30): warning: implicit conversion loses integer precision: 'int' to 'uint16_t' (aka 'unsigned short') [-Wimplicit-int-conversion]
   30 |     accel[1] = pData[5] << 8 | pData[4];
      |              ~ ~~~~~~~~~~~~~~^~~~~~~~~~
modules/imu/DM_IMU/DM_IMU.c(31): warning: implicit conversion loses integer precision: 'int' to 'uint16_t' (aka 'unsigned short') [-Wimplicit-int-conversion]
   31 |     accel[2] = pData[7] << 8 | pData[6];
      |              ~ ~~~~~~~~~~~~~~^~~~~~~~~~
modules/imu/DM_IMU/DM_IMU.c(41): warning: implicit conversion loses integer precision: 'int' to 'uint16_t' (aka 'unsigned short') [-Wimplicit-int-conversion]
   41 |     gyro[0] = pData[3] << 8 | pData[2];
      |             ~ ~~~~~~~~~~~~~~^~~~~~~~~~
modules/imu/DM_IMU/DM_IMU.c(42): warning: implicit conversion loses integer precision: 'int' to 'uint16_t' (aka 'unsigned short') [-Wimplicit-int-conversion]
   42 |     gyro[1] = pData[5] << 8 | pData[4];
      |             ~ ~~~~~~~~~~~~~~^~~~~~~~~~
modules/imu/DM_IMU/DM_IMU.c(43): warning: implicit conversion loses integer precision: 'int' to 'uint16_t' (aka 'unsigned short') [-Wimplicit-int-conversion]
   43 |     gyro[2] = pData[7] << 8 | pData[6];
      |             ~ ~~~~~~~~~~~~~~^~~~~~~~~~
6 warnings generated.
compiling DM_IMU.c...
compiling list.c...
compiling heap_4.c...
compiling event_groups.c...
compiling dummy_vision.c...
application/dummy_motormatic.c(100): warning: converting the enum constant to a boolean [-Wint-in-bool-context]
  100 |                 .Improve = PID_Integral_Limit || PID_Derivative_On_Measurement || PID_Trapezoid_Intergral,
      |                                               ^
application/dummy_motormatic.c(100): warning: converting the enum constant to a boolean [-Wint-in-bool-context]
  100 |                 .Improve = PID_Integral_Limit || PID_Derivative_On_Measurement || PID_Trapezoid_Intergral,
      |                                                                                ^
2 warnings generated.
compiling dummy_motormatic.c...
compiling stream_buffer.c...
compiling timers.c...
compiling queue.c...
compiling startup.c...
compiling system.c...
compiling tasks.c...
compiling bsp_delay.c...
compiling bsp_clocks.c...
compiling bsp_group_irq.c...
compiling bsp_common.c...
compiling bsp_guard.c...
compiling bsp_ipc.c...
compiling bsp_io.c...
compiling bsp_irq.c...
compiling bsp_sbrk.c...
compiling bsp_ospi_b.c...
compiling bsp_macl.c...
compiling bsp_register_protection.c...
compiling bsp_sdram.c...
compiling bsp_security.c...
compiling r_dtc.c...
compiling r_ioport.c...
compiling bsp_linker.c...
compiling r_canfd.c...
compiling r_usb_cdataio.c...
compiling r_usb_basic.c...
compiling r_sci_uart.c...
compiling r_usb_clibusbip.c...
compiling r_usb_cstd_rtos.c...
compiling r_usb_hcontrolrw.c...
compiling r_usb_hbc.c...
compiling r_usb_hdriver.c...
compiling r_usb_hhubsys.c...
compiling r_usb_hintfifo.c...
compiling r_usb_hinthandler_usbip0.c...
compiling r_usb_hinthandler_usbip1.c...
compiling r_usb_hlibusbip.c...
compiling r_usb_hscheduler.c...
compiling r_usb_hmanager.c...
compiling r_usb_hstdfunction.c...
compiling r_usb_pbc.c...
compiling r_usb_hsignal.c...
compiling r_usb_pcontrolrw.c...
compiling r_usb_pintfifo.c...
compiling r_usb_pinthandler_usbip0.c...
compiling r_usb_pdriver.c...
compiling r_usb_psignal.c...
compiling r_usb_plibusbip.c...
compiling r_usb_pstdfunction.c...
compiling r_usb_creg_abs.c...
compiling r_usb_dma.c...
compiling r_usb_hreg_abs.c...
compiling r_usb_hostelectrical.c...
compiling r_usb_pstdrequest.c...
compiling r_usb_hreg_access.c...
compiling r_usb_creg_access.c...
compiling r_usb_preg_abs.c...
compiling r_usb_mcu.c...
compiling r_usb_preg_access.c...
compiling r_usb_pcdc_driver.c...
compiling common_data.c...
compiling daemon_task.c...
compiling main.c...
compiling port.c...
compiling hal_data.c...
compiling motor_ctrl_task.c...
compiling pin_data.c...
compiling vector_data.c...
compiling robot_task.c...
linking...
Program Size: Code=45656 RO-data=4740 RW-data=364 ZI-data=22100  
FromELF: creating hex file...
After Build - User command #1: cmd /c ""c:\Users\Xiong Sir\Desktop\Customer_Controller\rasc_launcher.bat" "c:\Users\Xiong Sir\Desktop\Customer_Controller\rasc_version.txt" -nosplash --launcher.suppressErrors --gensmartbundle --compiler ARMv6 --devicefamily ra "c:\Users\Xiong Sir\Desktop\Customer_Controller\configuration.xml" "c:\Users\Xiong Sir\Desktop\Customer_Controller\Objects\FSP_Project.axf" 2> "%TEMP%\rasc_stderr.out""
[INFO] Input file "c:\Users\Xiong Sir\Desktop\Customer_Controller\Objects\FSP_Project.axf" is newer than output file "c:\Users\Xiong Sir\Desktop\Customer_Controller\Objects\FSP_Project.sbd". Proceeding with RASC invocation...
Generating Smart Bundle..
".\Objects\FSP_Project.axf" - 0 Error(s), 13 Warning(s).
Build Time Elapsed:  00:00:39
